1 alteração; antes de #14  11 seconds ago
1 alteração; antes de #13  11 seconds ago
1 alteração; antes de #12  21 seconds ago
1 alteração; antes de #11  23 seconds ago
1 linha a menos; antes de #10  25 seconds ago
1 alteração; antes de #9  32 seconds ago
1 alteração; antes de #8  35 seconds ago
1 alteração; antes de #7  39 seconds ago
1 alteração; antes de #6  41 seconds ago
1 alteração; antes de #5  44 seconds ago
1 alteração; antes de #4  45 seconds ago
1 linha a menos; antes de #3  79 seconds ago
2 linhas a mais; antes de #2  79 seconds ago
Já está na alteração mais antiga
Já está na alteração mais antiga
Já está na alteração mais antiga
Já está na alteração mais antiga
Já está na alteração mais antiga
Já está na alteração mais antiga
Já está na alteração mais antiga
Já está na alteração mais antiga
Já está na alteração mais antiga
Já está na alteração mais antiga
Já está na alteração mais antiga
Já está na alteração mais antiga
Já está na alteração mais antiga
Já está na alteração mais antiga
Já está na alteração mais antiga
1 alteração; antes de #18  1 second ago
6 fewer lines
6 more lines
6 lines >ed 1 time
1 alteração; antes de #40  19 seconds ago
1 linha a mais; antes de #39  32 seconds ago
1 alteração; antes de #45  8 seconds ago
1 alteração; antes de #44  8 seconds ago
1 alteração; antes de #43  10 seconds ago
1 alteração; antes de #42  12 seconds ago
34 lines yanked
36 more lines
