2024-11-14 09:40:49.879 [info] Extension host with pid 22380 started
2024-11-14 09:40:49.879 [info] Skipping acquiring lock for /home/adilson/.config/VSCodium/User/workspaceStorage/7243d54c263619c14591e537dc9c8f84.
2024-11-14 09:40:49.936 [info] ExtensionService#_doActivateExtension vscode.git-base, startup: false, activationEvent: 'onFileSystem:git', root cause: vscode.git
2024-11-14 09:40:49.940 [info] ExtensionService#_doActivateExtension vscode.emmet, startup: false, activationEvent: 'onLanguage'
2024-11-14 09:40:49.954 [info] ExtensionService#_doActivateExtension vscode.extension-editing, startup: false, activationEvent: 'onLanguage:markdown'
2024-11-14 09:40:49.964 [info] ExtensionService#_doActivateExtension vscode.markdown-language-features, startup: false, activationEvent: 'onLanguage:markdown'
2024-11-14 09:40:50.057 [info] ExtensionService#_doActivateExtension vscode.git, startup: false, activationEvent: 'onFileSystem:git'
2024-11-14 09:40:50.151 [info] Extension host with pid 22396 started
2024-11-14 09:40:50.151 [info] Skipping acquiring lock for /home/adilson/.config/VSCodium/User/workspaceStorage/7243d54c263619c14591e537dc9c8f84.
2024-11-14 09:40:50.156 [info] Eager extensions activated
2024-11-14 09:40:50.164 [info] ExtensionService#_doActivateExtension asvetliakov.vscode-neovim, startup: false, activationEvent: 'onStartupFinished'
2024-11-14 09:40:50.596 [info] ExtensionService#_doActivateExtension vscode.github, startup: true, activationEvent: '*'
2024-11-14 09:40:50.629 [info] ExtensionService#_doActivateExtension vscode.markdown-math, startup: false, activationEvent: 'api', root cause: vscode.markdown-language-features
2024-11-14 09:40:50.646 [info] Eager extensions activated
2024-11-14 09:40:50.672 [info] ExtensionService#_doActivateExtension vscode.debug-auto-launch, startup: false, activationEvent: 'onStartupFinished'
2024-11-14 09:40:50.674 [info] ExtensionService#_doActivateExtension vscode.merge-conflict, startup: false, activationEvent: 'onStartupFinished'
2024-11-14 09:40:50.694 [info] ExtensionService#_doActivateExtension Catppuccin.catppuccin-vsc-icons, startup: false, activationEvent: 'onStartupFinished'
2024-11-14 09:40:50.864 [info] ExtensionService#_doActivateExtension vscode.github-authentication, startup: false, activationEvent: 'onAuthenticationRequest:github'
2024-11-14 09:40:54.788 [info] ExtensionService#_doActivateExtension vscode.configuration-editing, startup: false, activationEvent: 'onLanguage:jsonc'
2024-11-14 09:40:54.797 [info] ExtensionService#_doActivateExtension vscode.json-language-features, startup: false, activationEvent: 'onLanguage:jsonc'
2024-11-14 09:40:54.842 [info] ExtensionService#_doActivateExtension vscode.typescript-language-features, startup: false, activationEvent: 'onLanguage:jsonc'
2024-11-14 09:41:35.818 [info] ExtensionService#_doActivateExtension vscode.npm, startup: false, activationEvent: 'onTerminalQuickFixRequest:ms-vscode.npm-command'
2024-11-14 09:43:35.026 [warning] TextEditor is closed/disposed
2024-11-14 09:43:35.026 [warning] TextEditor is closed/disposed
