2024-10-14 20:25:53 Loading main app package /usr/lib/obsidian/obsidian.asar
2024-10-14 20:25:54 Checking for update using Github
2024-10-14 20:25:54 Success.
2024-10-14 20:25:54 Latest version is 1.6.7
2024-10-14 20:25:54 App is up to date.
2024-10-14 21:25:53 Checking for update using Github
2024-10-14 21:25:54 Success.
2024-10-14 21:25:54 Latest version is 1.6.7
2024-10-14 21:25:54 App is up to date.
2024-10-15 12:07:29 Loading main app package /usr/lib/obsidian/obsidian.asar
2024-10-15 12:07:30 Checking for update using Github
2024-10-15 12:07:30 Success.
2024-10-15 12:07:30 Latest version is 1.6.7
2024-10-15 12:07:30 App is up to date.
2024-10-15 13:07:30 Checking for update using Github
2024-10-15 13:07:30 Success.
2024-10-15 13:07:30 Latest version is 1.6.7
2024-10-15 13:07:30 App is up to date.
2024-10-15 14:07:30 Checking for update using Github
2024-10-15 14:07:30 Success.
2024-10-15 14:07:30 Latest version is 1.6.7
2024-10-15 14:07:30 App is up to date.
2024-10-15 15:07:30 Checking for update using Github
2024-10-15 15:07:30 Success.
2024-10-15 15:07:30 Latest version is 1.6.7
2024-10-15 15:07:30 App is up to date.
2024-10-15 16:07:30 Checking for update using Github
2024-10-15 16:07:30 Success.
2024-10-15 16:07:30 Latest version is 1.6.7
2024-10-15 16:07:30 App is up to date.
2024-10-15 17:07:30 Checking for update using Github
2024-10-15 17:07:30 Success.
2024-10-15 17:07:30 Latest version is 1.6.7
2024-10-15 17:07:30 App is up to date.
2024-10-15 18:31:12 Loading main app package /usr/lib/obsidian/obsidian.asar
2024-10-15 18:31:12 Checking for update using Github
2024-10-15 18:31:12 Success.
2024-10-15 18:31:12 Latest version is 1.6.7
2024-10-15 18:31:12 App is up to date.
2024-10-15 19:31:12 Checking for update using Github
2024-10-15 19:31:12 Success.
2024-10-15 19:31:12 Latest version is 1.6.7
2024-10-15 19:31:12 App is up to date.
2024-10-16 20:21:43 Loading main app package /usr/lib/obsidian/obsidian.asar
2024-10-16 20:21:44 Checking for update using Github
2024-10-16 20:21:44 Success.
2024-10-16 20:21:44 Latest version is 1.7.4
2024-10-16 20:21:44 Downloading update from https://github.com/obsidianmd/obsidian-releases/releases/download/v1.7.4/obsidian-1.7.4.asar.gz
2024-10-16 20:21:47 Verifying hash & signature. Size= 8056043
2024-10-16 20:21:47 Saving file
2024-10-16 20:21:47 Update complete.
2024-10-16 20:21:52 Loading updated app package /home/adilson/.config/obsidian/obsidian-1.7.4.asar
2024-10-16 20:21:52 Checking for update using Github
2024-10-16 20:21:52 Success.
2024-10-16 20:21:52 Latest version is 1.7.4
2024-10-16 20:21:52 App is up to date.
2024-10-16 20:24:40 Loading updated app package /home/adilson/.config/obsidian/obsidian-1.7.4.asar
2024-10-16 20:24:41 Checking for update using Github
2024-10-16 20:24:41 Success.
2024-10-16 20:24:41 Latest version is 1.7.4
2024-10-16 20:24:41 App is up to date.
2024-10-16 21:24:41 Checking for update using Github
2024-10-16 21:24:41 Success.
2024-10-16 21:24:41 Latest version is 1.7.4
2024-10-16 21:24:41 App is up to date.
2024-10-18 20:22:43 Loading updated app package /home/adilson/.config/obsidian/obsidian-1.7.4.asar
2024-10-18 20:22:44 Checking for update using Github
2024-10-18 20:22:44 Success.
2024-10-18 20:22:44 Latest version is 1.7.4
2024-10-18 20:22:44 App is up to date.
2024-11-14 19:47:01 Loading main app package /usr/lib/obsidian/obsidian.asar
2024-11-14 19:47:01 Checking for update using Github
2024-11-14 19:47:02 Success.
2024-11-14 19:47:02 Latest version is 1.7.6
2024-11-14 19:47:02 Downloading update from https://github.com/obsidianmd/obsidian-releases/releases/download/v1.7.6/obsidian-1.7.6.asar.gz
2024-11-14 19:47:04 Verifying hash & signature. Size= 8000010
2024-11-14 19:47:04 Saving file
2024-11-14 19:47:04 Update complete.
2024-11-14 20:47:01 Checking for update using Github
2024-11-14 20:47:01 Success.
2024-11-14 20:47:01 Latest version is 1.7.6
2024-11-14 20:47:01 An update is already downloaded.
2024-11-14 21:47:01 Checking for update using Github
2024-11-14 21:47:01 Success.
2024-11-14 21:47:01 Latest version is 1.7.6
2024-11-14 21:47:01 An update is already downloaded.
