2024-11-26 21:03:16.685 [info] MessagesManager: '1 linha a menos; antes de #6  1 second ago\n'
2024-11-26 21:03:16.932 [info] MessagesManager: '1 linha a mais; antes de #5  2 seconds ago\n'
2024-11-26 21:03:17.124 [info] MessagesManager: '1 linha a menos; antes de #4  30 seconds ago\n'
2024-11-26 21:03:17.446 [info] MessagesManager: '1 linha a mais; antes de #3  31 seconds ago\n'
2024-11-26 21:03:17.629 [info] MessagesManager: '1 alteração; antes de #2  49 seconds ago\n'
2024-11-26 21:03:17.827 [info] MessagesManager: 'Já está na alteração mais antiga\n'
2024-11-26 21:03:17.931 [info] MessagesManager: 'Já está na alteração mais antiga\n'
2024-11-26 21:03:18.531 [info] MessagesManager: 'Já está na alteração mais antiga\n'
2024-11-26 21:03:18.572 [info] MessagesManager: 'Já está na alteração mais antiga\n'
2024-11-26 21:03:18.611 [info] MessagesManager: 'Já está na alteração mais antiga\n'
2024-11-26 21:03:18.652 [info] MessagesManager: 'Já está na alteração mais antiga\n'
2024-11-26 21:04:39.314 [info] MessagesManager: '4 linhas a menos; antes de #14  3 seconds ago\n'
2024-11-26 21:06:42.869 [info] MessagesManager: '6 fewer lines\n'
2024-11-26 21:06:44.085 [info] MessagesManager: '6 more lines\n'
2024-11-26 21:07:45.742 [info] MessagesManager: '1 alteração; antes de #33  8 seconds ago\n'
2024-11-26 21:07:46.222 [info] MessagesManager: '1 alteração; antes de #32  10 seconds ago\n'
2024-11-26 21:08:35.219 [info] MessagesManager: '1 alteração; antes de #37  2 seconds ago\n'
2024-11-26 21:08:35.699 [info] MessagesManager: '1 alteração; antes de #36  5 seconds ago\n'
2024-11-26 21:11:28.429 [info] MessagesManager: '1 alteração; antes de #26  1 second ago\n'
2024-11-26 21:12:01.636 [info] MessagesManager: '1 alteração; antes de #38  1 second ago\n'
2024-11-26 21:12:02.060 [info] MessagesManager: '1 alteração; antes de #37  5 seconds ago\n'
2024-11-26 21:12:02.340 [info] MessagesManager: '1 alteração; antes de #36  5 seconds ago\n'
2024-11-26 21:19:49.775 [info] MessagesManager: '1 alteração; antes de #64  0 seconds ago\n'
2024-11-26 21:20:04.158 [info] MessagesManager: '1 alteração; antes de #66  13 seconds ago\n'
2024-11-26 21:20:04.752 [info] MessagesManager: '1 alteração; antes de #65  14 seconds ago\n'
2024-11-26 21:21:56.872 [info] MessagesManager: '3 fewer lines\n'
2024-11-26 21:22:28.045 [info] MessagesManager: '1 alteração; antes de #83  1 second ago\n'
2024-11-26 21:22:42.414 [info] MessagesManager: '3 lines yanked\n'
2024-11-26 21:22:44.216 [info] MessagesManager: '3 more lines\n'
2024-11-26 21:23:03.665 [info] MessagesManager: '1 linha a menos; antes de #93  1 second ago\n'
2024-11-26 21:23:44.600 [info] MessagesManager: '1 linha a menos; antes de #101  1 second ago\n'
2024-11-26 21:24:39.023 [info] MessagesManager: '1 linha a mais; antes de #106  12 seconds ago\n'
2024-11-26 21:24:39.925 [info] MessagesManager: '1 linha a mais; antes de #105  27 seconds ago\n'
2024-11-26 21:24:42.974 [info] MessagesManager: '1 alteração; antes de #108  0 seconds ago\n'
2024-11-26 21:24:43.130 [info] MessagesManager: '1 linha a mais; antes de #107  3 seconds ago\n'
2024-11-26 21:34:19.676 [info] MessagesManager: '1 linha a menos; antes de #117  21:31:40\n'
2024-11-26 21:35:27.731 [info] MessagesManager: '1 linha a mais; antes de #133  1 second ago\n'
2024-11-26 21:38:50.395 [info] MessagesManager: '1 alteração; antes de #142  15 seconds ago\n'
2024-11-26 21:46:38.389 [info] MessagesManager: '1 alteração; antes de #191  20 seconds ago\n'
2024-11-26 21:46:38.524 [info] MessagesManager: '1 alteração; antes de #190  21 seconds ago\n'
2024-11-26 21:46:38.830 [info] MessagesManager: '1 alteração; antes de #189  25 seconds ago\n'
2024-11-26 21:46:39.167 [info] MessagesManager: '1 alteração; antes de #188  26 seconds ago\n'
2024-11-26 21:46:39.486 [info] MessagesManager: '1 alteração; antes de #187  43 seconds ago\n'
2024-11-26 21:46:40.774 [info] MessagesManager: '1 alteração; antes de #186  44 seconds ago\n'
2024-11-26 21:46:41.621 [info] MessagesManager: '1 alteração; antes de #185  49 seconds ago\n'
2024-11-26 21:46:41.894 [info] MessagesManager: '1 linha a menos; antes de #184  59 seconds ago\n'
2024-11-26 21:46:42.230 [info] MessagesManager: '1 linha a menos; antes de #183  60 seconds ago\n'
2024-11-26 21:46:43.023 [info] MessagesManager: '1 alteração; antes de #182  80 seconds ago\n'
2024-11-26 21:57:45.226 [info] MessagesManager: '1 alteração; antes de #196  7 seconds ago\n'
2024-11-26 21:57:45.328 [info] MessagesManager: '1 alteração; antes de #195  7 seconds ago\n'
2024-11-26 21:57:46.153 [info] MessagesManager: '1 alteração; antes de #194  10 seconds ago\n'
2024-11-26 21:57:46.256 [info] MessagesManager: '1 alteração; antes de #193  11 seconds ago\n'
2024-11-26 22:04:56.060 [info] MessagesManager: '1 linha a menos; antes de #226  2 seconds ago\n'
2024-11-26 22:07:17.181 [info] MessagesManager: '3 fewer lines\n'
2024-11-26 22:07:44.431 [info] MessagesManager: '3 more lines\n'
2024-11-26 22:08:10.177 [info] MessagesManager: '3 fewer lines\n'
2024-11-26 22:11:16.917 [info] MessagesManager: '4 fewer lines\n'
2024-11-26 22:11:19.112 [info] MessagesManager: '4 more lines\n'
2024-11-26 22:11:21.177 [info] MessagesManager: '4 lines >ed 1 time\n'
2024-11-26 22:20:32.144 [info] MessagesManager: '1 linha a mais; antes de #269  76 seconds ago\n'
2024-11-26 22:20:32.481 [info] MessagesManager: '1 alteração; antes de #268  84 seconds ago\n'
2024-11-26 22:20:34.687 [info] MessagesManager: '1 alteração; antes de #267  86 seconds ago\n'
2024-11-26 22:20:35.159 [info] MessagesManager: '1 alteração; antes de #266  88 seconds ago\n'
2024-11-26 22:20:35.463 [info] MessagesManager: '1 alteração; antes de #265  88 seconds ago\n'
2024-11-26 22:20:35.831 [info] MessagesManager: '1 alteração; antes de #264  88 seconds ago\n'
2024-11-26 22:20:36.079 [info] MessagesManager: '1 alteração; antes de #263  90 seconds ago\n'
2024-11-26 22:20:36.295 [info] MessagesManager: '1 alteração; antes de #262  90 seconds ago\n'
2024-11-26 22:20:36.696 [info] MessagesManager: '1 alteração; antes de #261  90 seconds ago\n'
2024-11-26 22:20:37.039 [info] MessagesManager: '1 alteração; antes de #260  91 seconds ago\n'
2024-11-26 22:25:30.995 [info] MessagesManager: '6 fewer lines\n'
2024-11-26 22:25:31.804 [info] MessagesManager: '6 more lines\n'
2024-11-26 22:25:40.278 [info] MessagesManager: '6 lines <ed 1 time\n'
2024-11-26 22:29:18.112 [info] MessagesManager: '1 alteração; antes de #308  1 second ago\n'
2024-11-26 22:29:18.799 [info] MessagesManager: '1 alteração; antes de #307  26 seconds ago\n'
2024-11-26 22:29:19.352 [info] MessagesManager: '1 alteração; antes de #306  67 seconds ago\n'
2024-11-26 22:29:21.104 [info] MessagesManager: '1 alteração; antes de #305  69 seconds ago\n'
2024-11-26 22:30:06.338 [info] MessagesManager: '18 lines >ed 1 time\n'
2024-11-26 22:30:15.176 [info] MessagesManager: '18 alterações; antes de #312  9 seconds ago\n'
2024-11-26 22:30:15.333 [info] MessagesManager: '1 linha a menos; antes de #311  18 seconds ago\n'
2024-11-26 22:30:15.846 [info] MessagesManager: '1 alteração; antes de #310  22 seconds ago\n'
2024-11-26 22:30:16.262 [info] MessagesManager: '1 linha a menos; antes de #309  27 seconds ago\n'
