2024-11-14 09:36:28.462 [info] [main] Log level: Info
2024-11-14 09:36:28.462 [info] [main] Validating found git in: "git"
2024-11-14 09:36:28.462 [info] [main] Using git "2.47.0" from "git"
2024-11-14 09:36:28.462 [info] [Model][doInitialScan] Initial repository scan started
2024-11-14 09:36:28.462 [info] [Model][doInitialScan] Initial repository scan completed - repositories (0), closed repositories (0), parent repositories (0), unsafe repositories (0)
2024-11-14 09:39:00.494 [info] [main] Log level: Info
2024-11-14 09:39:00.494 [info] [main] Validating found git in: "git"
2024-11-14 09:39:00.494 [info] [main] Using git "2.47.0" from "git"
2024-11-14 09:39:00.494 [info] [Model][doInitialScan] Initial repository scan started
2024-11-14 09:39:00.494 [info] > git rev-parse --show-toplevel [7ms]
2024-11-14 09:39:00.503 [info] > git rev-parse --git-dir --git-common-dir [4ms]
2024-11-14 09:39:00.510 [info] [Model][openRepository] Opened repository: /home/adilson/clone/git-test-repo
2024-11-14 09:39:00.512 [info] [Model][doInitialScan] Initial repository scan completed - repositories (1), closed repositories (0), parent repositories (0), unsafe repositories (0)
2024-11-14 09:39:00.528 [info] > git for-each-ref --format=%(refname)%00%(upstream:short)%00%(objectname)%00%(upstream:track)%00%(upstream:remotename)%00%(upstream:remoteref) refs/heads/experimental refs/remotes/experimental [7ms]
2024-11-14 09:39:00.597 [info] > git status -z -uall [29ms]
2024-11-14 09:39:00.597 [info] > git for-each-ref --sort -committerdate --format %(refname) %(objectname) %(*objectname) [22ms]
2024-11-14 09:39:00.611 [info] > git for-each-ref --format=%(refname)%00%(upstream:short)%00%(objectname)%00%(upstream:track)%00%(upstream:remotename)%00%(upstream:remoteref) refs/heads/experimental refs/remotes/experimental [6ms]
2024-11-14 09:39:00.620 [info] > git config --local branch.experimental.vscode-merge-base [3ms]
2024-11-14 09:39:00.621 [warning] [Git][config] git config failed: Failed to execute git
2024-11-14 09:39:00.636 [info] > git reflog experimental --grep-reflog=branch: Created from *. [9ms]
2024-11-14 09:39:00.641 [info] > git for-each-ref --format=%(refname)%00%(upstream:short)%00%(objectname)%00%(upstream:track)%00%(upstream:remotename)%00%(upstream:remoteref) refs/heads/experimental refs/remotes/experimental [6ms]
2024-11-14 09:39:00.668 [info] > git for-each-ref --format=%(refname)%00%(upstream:short)%00%(objectname)%00%(upstream:track)%00%(upstream:remotename)%00%(upstream:remoteref) refs/heads/main refs/remotes/main [27ms]
2024-11-14 09:39:00.676 [info] > git for-each-ref --format=%(refname)%00%(upstream:short)%00%(objectname)%00%(upstream:track)%00%(upstream:remotename)%00%(upstream:remoteref) refs/remotes/origin/main [2ms]
2024-11-14 09:39:00.694 [info] > git status -z -uall [5ms]
2024-11-14 09:39:00.694 [info] > git config --local branch.experimental.vscode-merge-base origin/main [12ms]
2024-11-14 09:39:00.694 [info] > git for-each-ref --sort -committerdate --format %(refname) %(objectname) %(*objectname) [1ms] (cancelled)
2024-11-14 09:39:00.702 [info] > git for-each-ref --format=%(refname)%00%(upstream:short)%00%(objectname)%00%(upstream:track)%00%(upstream:remotename)%00%(upstream:remoteref) refs/heads/experimental refs/remotes/experimental [2ms]
2024-11-14 09:39:00.709 [info] > git config --local branch.experimental.vscode-merge-base [2ms]
2024-11-14 09:39:00.720 [info] > git for-each-ref --format=%(refname)%00%(upstream:short)%00%(objectname)%00%(upstream:track)%00%(upstream:remotename)%00%(upstream:remoteref) refs/heads/origin/main refs/remotes/origin/main [6ms]
2024-11-14 09:39:00.733 [info] > git merge-base refs/heads/experimental refs/remotes/origin/experimental [8ms]
2024-11-14 09:39:00.738 [info] > git for-each-ref --format=%(refname)%00%(upstream:short)%00%(objectname)%00%(upstream:track)%00%(upstream:remotename)%00%(upstream:remoteref) refs/heads/experimental refs/remotes/experimental [19ms]
2024-11-14 09:39:00.749 [info] > git status -z -uall [6ms]
2024-11-14 09:39:00.750 [info] > git diff --name-status -z --diff-filter=ADMR 32da6d4dee22c607edddb5324bcdcb9c396d6e74...refs/remotes/origin/experimental [11ms]
2024-11-14 09:39:00.750 [info] > git for-each-ref --sort -committerdate --format %(refname) %(objectname) %(*objectname) [2ms]
2024-11-14 09:39:01.102 [info] > git check-ignore -v -z --stdin [27ms]
2024-11-14 09:39:01.772 [info] > git for-each-ref --format=%(refname)%00%(upstream:short)%00%(objectname)%00%(upstream:track)%00%(upstream:remotename)%00%(upstream:remoteref) refs/heads/experimental refs/remotes/experimental [3ms]
2024-11-14 09:39:01.787 [info] > git status -z -uall [7ms]
2024-11-14 09:39:01.788 [info] > git for-each-ref --sort -committerdate --format %(refname) %(objectname) %(*objectname) [1ms]
2024-11-14 09:39:13.217 [info] [main] Log level: Info
2024-11-14 09:39:13.217 [info] [main] Validating found git in: "git"
2024-11-14 09:39:13.217 [info] [main] Using git "2.47.0" from "git"
2024-11-14 09:39:13.217 [info] [Model][doInitialScan] Initial repository scan started
2024-11-14 09:39:13.217 [info] > git rev-parse --show-toplevel [112ms]
2024-11-14 09:39:13.225 [info] > git rev-parse --git-dir --git-common-dir [2ms]
2024-11-14 09:39:13.232 [info] [Model][openRepository] Opened repository: /home/adilson/clone/git-test-repo
2024-11-14 09:39:13.234 [info] [Model][doInitialScan] Initial repository scan completed - repositories (1), closed repositories (0), parent repositories (0), unsafe repositories (0)
2024-11-14 09:39:13.253 [info] > git for-each-ref --format=%(refname)%00%(upstream:short)%00%(objectname)%00%(upstream:track)%00%(upstream:remotename)%00%(upstream:remoteref) refs/heads/experimental refs/remotes/experimental [3ms]
2024-11-14 09:39:13.273 [info] > git status -z -uall [12ms]
2024-11-14 09:39:13.274 [info] > git for-each-ref --sort -committerdate --format %(refname) %(objectname) %(*objectname) [7ms]
2024-11-14 09:39:13.288 [info] > git for-each-ref --format=%(refname)%00%(upstream:short)%00%(objectname)%00%(upstream:track)%00%(upstream:remotename)%00%(upstream:remoteref) refs/heads/experimental refs/remotes/experimental [3ms]
2024-11-14 09:39:13.319 [info] > git config --local branch.experimental.vscode-merge-base [24ms]
2024-11-14 09:39:13.327 [info] > git for-each-ref --format=%(refname)%00%(upstream:short)%00%(objectname)%00%(upstream:track)%00%(upstream:remotename)%00%(upstream:remoteref) refs/heads/origin/main refs/remotes/origin/main [2ms]
2024-11-14 09:39:13.360 [info] > git merge-base refs/heads/experimental refs/remotes/origin/experimental [27ms]
2024-11-14 09:39:13.371 [info] > git diff --name-status -z --diff-filter=ADMR 32da6d4dee22c607edddb5324bcdcb9c396d6e74...refs/remotes/origin/experimental [2ms]
2024-11-14 09:39:13.372 [info] > git for-each-ref --format=%(refname)%00%(upstream:short)%00%(objectname)%00%(upstream:track)%00%(upstream:remotename)%00%(upstream:remoteref) refs/heads/experimental refs/remotes/experimental [14ms]
2024-11-14 09:39:13.383 [info] > git status -z -uall [6ms]
2024-11-14 09:39:13.384 [info] > git for-each-ref --sort -committerdate --format %(refname) %(objectname) %(*objectname) [1ms]
2024-11-14 09:39:13.761 [info] > git check-ignore -v -z --stdin [1ms]
2024-11-14 09:39:22.128 [info] > git show -s --decorate=full --shortstat --format=%H%n%aN%n%aE%n%at%n%ct%n%P%n%D%n%B -z MERGE_HEAD [8ms]
2024-11-14 09:39:22.128 [info] > git show -s --decorate=full --shortstat --format=%H%n%aN%n%aE%n%at%n%ct%n%P%n%D%n%B -z HEAD [15ms]
2024-11-14 09:39:22.129 [info] > git diff --name-status -z --diff-filter=ADMR MERGE_HEAD...HEAD [2ms]
2024-11-14 09:39:22.215 [info] > git show --textconv :1:README.md [42ms]
2024-11-14 09:39:22.215 [info] > git show --textconv 972f1f1a532145db9a23e570f0405921b82a3da7:README.md [33ms]
2024-11-14 09:39:22.215 [info] > git show --textconv 02d45c5c199015453933ad699b504c16da2ff115:README.md [25ms]
2024-11-14 09:39:22.216 [info] > git ls-tree -l 972f1f1a532145db9a23e570f0405921b82a3da7 -- /home/adilson/clone/git-test-repo/README.md [9ms]
2024-11-14 09:39:22.216 [info] > git ls-tree -l :1 -- /home/adilson/clone/git-test-repo/README.md [16ms]
2024-11-14 09:39:22.216 [info] fatal: Not a valid object name :1
2024-11-14 09:39:22.218 [info] > git ls-tree -l 02d45c5c199015453933ad699b504c16da2ff115 -- /home/adilson/clone/git-test-repo/README.md [4ms]
2024-11-14 09:39:28.832 [info] > git ls-tree -l 972f1f1a532145db9a23e570f0405921b82a3da7 -- /home/adilson/clone/git-test-repo/README.md [8ms]
2024-11-14 09:39:28.833 [info] > git ls-tree -l 02d45c5c199015453933ad699b504c16da2ff115 -- /home/adilson/clone/git-test-repo/README.md [2ms]
2024-11-14 09:39:29.924 [info] > git for-each-ref --format=%(refname)%00%(upstream:short)%00%(objectname)%00%(upstream:track)%00%(upstream:remotename)%00%(upstream:remoteref) refs/heads/experimental refs/remotes/experimental [1ms]
2024-11-14 09:39:29.939 [info] > git status -z -uall [8ms]
2024-11-14 09:39:29.939 [info] > git for-each-ref --sort -committerdate --format %(refname) %(objectname) %(*objectname) [1ms]
2024-11-14 09:40:19.322 [info] > git for-each-ref --format=%(refname)%00%(upstream:short)%00%(objectname)%00%(upstream:track)%00%(upstream:remotename)%00%(upstream:remoteref) refs/heads/experimental refs/remotes/experimental [1ms]
2024-11-14 09:40:19.338 [info] > git status -z -uall [9ms]
2024-11-14 09:40:19.339 [info] > git for-each-ref --sort -committerdate --format %(refname) %(objectname) %(*objectname) [2ms]
2024-11-14 09:40:24.377 [info] > git ls-tree -l 972f1f1a532145db9a23e570f0405921b82a3da7 -- /home/adilson/clone/git-test-repo/README.md [8ms]
2024-11-14 09:40:24.378 [info] > git ls-tree -l 02d45c5c199015453933ad699b504c16da2ff115 -- /home/adilson/clone/git-test-repo/README.md [2ms]
2024-11-14 09:40:24.388 [info] > git for-each-ref --format=%(refname)%00%(upstream:short)%00%(objectname)%00%(upstream:track)%00%(upstream:remotename)%00%(upstream:remoteref) refs/heads/experimental refs/remotes/experimental [1ms]
2024-11-14 09:40:24.406 [info] > git status -z -uall [10ms]
2024-11-14 09:40:24.407 [info] > git for-each-ref --sort -committerdate --format %(refname) %(objectname) %(*objectname) [1ms]
2024-11-14 09:40:25.645 [info] > git ls-tree -l 972f1f1a532145db9a23e570f0405921b82a3da7 -- /home/adilson/clone/git-test-repo/README.md [9ms]
2024-11-14 09:40:25.647 [info] > git ls-tree -l 02d45c5c199015453933ad699b504c16da2ff115 -- /home/adilson/clone/git-test-repo/README.md [3ms]
2024-11-14 09:40:29.131 [info] > git show -s --decorate=full --shortstat --format=%H%n%aN%n%aE%n%at%n%ct%n%P%n%D%n%B -z MERGE_HEAD [7ms]
2024-11-14 09:40:29.131 [info] > git show -s --decorate=full --shortstat --format=%H%n%aN%n%aE%n%at%n%ct%n%P%n%D%n%B -z HEAD [14ms]
2024-11-14 09:40:29.131 [info] > git diff --name-status -z --diff-filter=ADMR MERGE_HEAD...HEAD [1ms]
2024-11-14 09:40:29.192 [info] > git show --textconv :1:README.md [38ms]
2024-11-14 09:40:29.192 [info] > git show --textconv 972f1f1a532145db9a23e570f0405921b82a3da7:README.md [29ms]
2024-11-14 09:40:29.192 [info] > git show --textconv 02d45c5c199015453933ad699b504c16da2ff115:README.md [21ms]
2024-11-14 09:40:29.192 [info] > git ls-tree -l 972f1f1a532145db9a23e570f0405921b82a3da7 -- /home/adilson/clone/git-test-repo/README.md [8ms]
2024-11-14 09:40:29.192 [info] > git ls-tree -l :1 -- /home/adilson/clone/git-test-repo/README.md [15ms]
2024-11-14 09:40:29.192 [info] fatal: Not a valid object name :1
2024-11-14 09:40:29.194 [info] > git ls-tree -l 02d45c5c199015453933ad699b504c16da2ff115 -- /home/adilson/clone/git-test-repo/README.md [4ms]
2024-11-14 09:40:29.420 [info] > git for-each-ref --format=%(refname)%00%(upstream:short)%00%(objectname)%00%(upstream:track)%00%(upstream:remotename)%00%(upstream:remoteref) refs/heads/experimental refs/remotes/experimental [1ms]
2024-11-14 09:40:29.435 [info] > git status -z -uall [8ms]
2024-11-14 09:40:29.436 [info] > git for-each-ref --sort -committerdate --format %(refname) %(objectname) %(*objectname) [1ms]
2024-11-14 09:40:34.743 [info] > git ls-tree -l 972f1f1a532145db9a23e570f0405921b82a3da7 -- /home/adilson/clone/git-test-repo/README.md [7ms]
2024-11-14 09:40:34.744 [info] > git ls-tree -l 02d45c5c199015453933ad699b504c16da2ff115 -- /home/adilson/clone/git-test-repo/README.md [1ms]
