2024-11-26 21:01:52.834 [info] Extension host with pid 10098 started
2024-11-26 21:01:52.834 [info] Skipping acquiring lock for /home/adilson/.config/VSCodium/User/workspaceStorage/aacf076ea2f0d2f32ae80004e7100a6d.
2024-11-26 21:01:52.875 [info] ExtensionService#_doActivateExtension vscode.git-base, startup: true, activationEvent: '*'
2024-11-26 21:01:52.878 [info] ExtensionService#_doActivateExtension vscode.npm, startup: true, activationEvent: 'workspaceContains:package.json'
2024-11-26 21:01:52.927 [info] ExtensionService#_doActivateExtension vscode.github, startup: true, activationEvent: '*'
2024-11-26 21:01:52.953 [info] Eager extensions activated
2024-11-26 21:01:53.051 [info] ExtensionService#_doActivateExtension vscode.debug-auto-launch, startup: false, activationEvent: 'onStartupFinished'
2024-11-26 21:01:53.052 [info] ExtensionService#_doActivateExtension vscode.merge-conflict, startup: false, activationEvent: 'onStartupFinished'
2024-11-26 21:01:53.071 [info] ExtensionService#_doActivateExtension eamodio.gitlens, startup: false, activationEvent: 'onStartupFinished'
2024-11-26 21:01:53.296 [info] ExtensionService#_doActivateExtension vscode.github-authentication, startup: false, activationEvent: 'onAuthenticationRequest:github'
2024-11-26 21:01:55.060 [info] ExtensionService#_doActivateExtension vscode.git, startup: false, activationEvent: 'api', root cause: vscode.github
2024-11-26 21:01:55.140 [info] ExtensionService#_doActivateExtension asvetliakov.vscode-neovim, startup: false, activationEvent: 'onStartupFinished'
2024-11-26 21:01:55.166 [info] ExtensionService#_doActivateExtension Catppuccin.catppuccin-vsc-icons, startup: false, activationEvent: 'onStartupFinished'
2024-11-26 21:01:57.993 [info] ExtensionService#_doActivateExtension vscode.configuration-editing, startup: false, activationEvent: 'onLanguage:json'
2024-11-26 21:01:58.005 [info] ExtensionService#_doActivateExtension vscode.extension-editing, startup: false, activationEvent: 'onLanguage:json'
2024-11-26 21:01:58.017 [info] ExtensionService#_doActivateExtension vscode.json-language-features, startup: false, activationEvent: 'onLanguage:json'
2024-11-26 21:01:58.062 [info] ExtensionService#_doActivateExtension vscode.emmet, startup: false, activationEvent: 'onLanguage'
2024-11-26 21:02:05.619 [info] ExtensionService#_doActivateExtension vscode.typescript-language-features, startup: false, activationEvent: 'onLanguage:javascriptreact'
2024-11-26 21:02:58.111 [info] ExtensionService#_doActivateExtension vscode.css-language-features, startup: false, activationEvent: 'onLanguage:css'
2024-11-26 21:43:42.011 [warning] Illegal argument: TextEditor(vs.editor.ICodeEditor:2,$model5)
2024-11-26 21:43:42.011 [warning] Illegal argument: TextEditor(vs.editor.ICodeEditor:2,$model5)
2024-11-26 21:43:42.011 [warning] Illegal argument: TextEditor(vs.editor.ICodeEditor:2,$model5)
2024-11-26 21:43:42.011 [warning] Illegal argument: TextEditor(vs.editor.ICodeEditor:2,$model5)
2024-11-26 21:43:42.011 [warning] Illegal argument: TextEditor(vs.editor.ICodeEditor:2,$model5)
