2024-11-22 21:05:14.853 [info] [main] Log level: Info
2024-11-22 21:05:14.853 [info] [main] Validating found git in: "git"
2024-11-22 21:05:14.853 [info] [main] Using git "2.47.0" from "git"
2024-11-22 21:05:14.853 [info] [Model][doInitialScan] Initial repository scan started
2024-11-22 21:05:14.853 [info] > git rev-parse --show-toplevel [15ms]
2024-11-22 21:05:14.853 [info] > git rev-parse --git-dir --git-common-dir [9ms]
2024-11-22 21:05:14.853 [info] [Model][openRepository] Opened repository: /home/adilson/clone/Restaurante
2024-11-22 21:05:14.854 [info] > git config --get commit.template [4ms]
2024-11-22 21:05:14.867 [info] > git rev-parse --show-toplevel [7ms]
2024-11-22 21:05:14.892 [info] > git for-each-ref --format=%(refname)%00%(upstream:short)%00%(objectname)%00%(upstream:track)%00%(upstream:remotename)%00%(upstream:remoteref) refs/heads/germano refs/remotes/germano [27ms]
2024-11-22 21:05:14.905 [warning] [Git][revParse] Unable to read file: ENOENT: no such file or directory, open '/home/adilson/clone/Restaurante/.git/refs/remotes/origin/germano'
2024-11-22 21:05:14.907 [info] > git rev-parse --show-toplevel [19ms]
2024-11-22 21:05:14.913 [info] > git rev-parse refs/remotes/origin/germano [8ms]
2024-11-22 21:05:14.949 [info] > git status -z -uall [31ms]
2024-11-22 21:05:14.949 [info] > git rev-parse --show-toplevel [37ms]
2024-11-22 21:05:14.956 [info] > git for-each-ref --sort -committerdate --format %(refname) %(objectname) %(*objectname) [31ms]
2024-11-22 21:05:14.975 [info] > git for-each-ref --format=%(refname)%00%(upstream:short)%00%(objectname)%00%(upstream:track)%00%(upstream:remotename)%00%(upstream:remoteref) refs/heads/germano refs/remotes/germano [10ms]
2024-11-22 21:05:14.981 [info] > git rev-parse --show-toplevel [26ms]
2024-11-22 21:05:14.991 [info] > git config --local branch.germano.vscode-merge-base [11ms]
2024-11-22 21:05:14.991 [warning] [Git][config] git config failed: Failed to execute git
2024-11-22 21:05:14.997 [info] > git config --get commit.template [23ms]
2024-11-22 21:05:14.998 [info] > git rev-parse --show-toplevel [8ms]
2024-11-22 21:05:15.009 [info] > git reflog germano --grep-reflog=branch: Created from *. [12ms]
2024-11-22 21:05:15.042 [info] > git symbolic-ref --short refs/remotes/origin/HEAD [28ms]
2024-11-22 21:05:15.046 [info] > git rev-parse --show-toplevel [38ms]
2024-11-22 21:05:15.047 [info] [Model][doInitialScan] Initial repository scan completed - repositories (1), closed repositories (0), parent repositories (0), unsafe repositories (0)
2024-11-22 21:05:15.047 [info] > git for-each-ref --format=%(refname)%00%(upstream:short)%00%(objectname)%00%(upstream:track)%00%(upstream:remotename)%00%(upstream:remoteref) refs/heads/germano refs/remotes/germano [44ms]
2024-11-22 21:05:15.053 [warning] [Git][revParse] Unable to read file: ENOENT: no such file or directory, open '/home/adilson/clone/Restaurante/.git/refs/remotes/origin/germano'
2024-11-22 21:05:15.054 [info] > git for-each-ref --format=%(refname)%00%(upstream:short)%00%(objectname)%00%(upstream:track)%00%(upstream:remotename)%00%(upstream:remoteref) refs/heads/origin/main refs/remotes/origin/main [8ms]
2024-11-22 21:05:15.074 [info] > git config --local branch.germano.vscode-merge-base origin/main [16ms]
2024-11-22 21:05:15.075 [info] > git rev-parse refs/remotes/origin/germano [22ms]
2024-11-22 21:05:15.086 [info] > git for-each-ref --format=%(refname)%00%(upstream:short)%00%(objectname)%00%(upstream:track)%00%(upstream:remotename)%00%(upstream:remoteref) refs/heads/germano refs/remotes/germano [6ms]
2024-11-22 21:05:15.092 [info] > git config --get commit.template [6ms]
2024-11-22 21:05:15.093 [info] > git config --local branch.germano.vscode-merge-base [2ms]
2024-11-22 21:05:15.103 [info] > git for-each-ref --format=%(refname)%00%(upstream:short)%00%(objectname)%00%(upstream:track)%00%(upstream:remotename)%00%(upstream:remoteref) refs/heads/origin/main refs/remotes/origin/main [5ms]
2024-11-22 21:05:15.109 [info] > git for-each-ref --format=%(refname)%00%(upstream:short)%00%(objectname)%00%(upstream:track)%00%(upstream:remotename)%00%(upstream:remoteref) refs/heads/germano refs/remotes/germano [7ms]
2024-11-22 21:05:15.115 [warning] [Git][revParse] Unable to read file: ENOENT: no such file or directory, open '/home/adilson/clone/Restaurante/.git/refs/remotes/origin/germano'
2024-11-22 21:05:15.115 [info] > git merge-base refs/heads/germano refs/remotes/origin/germano [7ms]
2024-11-22 21:05:15.121 [info] > git rev-parse refs/remotes/origin/germano [6ms]
2024-11-22 21:05:15.132 [info] > git status -z -uall [5ms]
2024-11-22 21:05:15.132 [info] > git diff --name-status -z --diff-filter=ADMR b8c56ba340bc1a687fd90e0abd9699c68fd317b2...refs/remotes/origin/germano [12ms]
2024-11-22 21:05:15.133 [info] > git for-each-ref --sort -committerdate --format %(refname) %(objectname) %(*objectname) [2ms]
2024-11-22 21:05:15.374 [info] > git check-ignore -v -z --stdin [1ms]
2024-11-22 21:05:16.147 [info] > git config --get commit.template [5ms]
2024-11-22 21:05:16.148 [info] > git for-each-ref --format=%(refname)%00%(upstream:short)%00%(objectname)%00%(upstream:track)%00%(upstream:remotename)%00%(upstream:remoteref) refs/heads/germano refs/remotes/germano [1ms]
2024-11-22 21:05:16.152 [warning] [Git][revParse] Unable to read file: ENOENT: no such file or directory, open '/home/adilson/clone/Restaurante/.git/refs/remotes/origin/germano'
2024-11-22 21:05:16.153 [info] > git rev-parse refs/remotes/origin/germano [1ms]
2024-11-22 21:05:16.162 [info] > git status -z -uall [5ms]
2024-11-22 21:05:16.163 [info] > git for-each-ref --sort -committerdate --format %(refname) %(objectname) %(*objectname) [1ms]
2024-11-22 21:05:18.561 [info] > git check-ignore -v -z --stdin [1ms]
2024-11-22 21:05:50.949 [info] > git config --get commit.template [6ms]
2024-11-22 21:05:50.950 [info] > git for-each-ref --format=%(refname)%00%(upstream:short)%00%(objectname)%00%(upstream:track)%00%(upstream:remotename)%00%(upstream:remoteref) refs/heads/germano refs/remotes/germano [2ms]
2024-11-22 21:05:50.954 [warning] [Git][revParse] Unable to read file: ENOENT: no such file or directory, open '/home/adilson/clone/Restaurante/.git/refs/remotes/origin/germano'
2024-11-22 21:05:50.955 [info] > git rev-parse refs/remotes/origin/germano [1ms]
2024-11-22 21:05:50.965 [info] > git status -z -uall [6ms]
2024-11-22 21:05:50.966 [info] > git for-each-ref --sort -committerdate --format %(refname) %(objectname) %(*objectname) [1ms]
2024-11-22 21:06:12.274 [info] > git show --textconv :src/restaurante/DatabaseCliente.java [17ms]
2024-11-22 21:06:12.285 [info] > git ls-files --stage -- /home/adilson/clone/Restaurante/src/restaurante/DatabaseCliente.java [12ms]
2024-11-22 21:06:12.343 [info] > git cat-file -s 3aa7d054b2e9b5d29e78ee2ddadfef87e03d696b [48ms]
2024-11-22 21:06:38.092 [info] > git rev-parse --show-toplevel [1ms]
2024-11-22 21:06:38.171 [info] > git rev-parse --show-toplevel [4ms]
2024-11-22 21:06:44.671 [info] > git show --textconv :src/restaurante/DatabaseCliente.java [7ms]
2024-11-22 21:06:44.672 [info] > git ls-files --stage -- /home/adilson/clone/Restaurante/src/restaurante/DatabaseCliente.java [1ms]
2024-11-22 21:06:44.679 [info] > git cat-file -s 3aa7d054b2e9b5d29e78ee2ddadfef87e03d696b [1ms]
2024-11-22 21:06:49.284 [info] > git rev-parse --show-toplevel [1ms]
2024-11-22 21:06:56.203 [info] > git show --textconv :src/restaurante/DatabaseCliente.java [9ms]
2024-11-22 21:06:56.204 [info] > git ls-files --stage -- /home/adilson/clone/Restaurante/src/restaurante/DatabaseCliente.java [1ms]
2024-11-22 21:06:56.212 [info] > git cat-file -s 3aa7d054b2e9b5d29e78ee2ddadfef87e03d696b [1ms]
2024-11-22 21:07:04.299 [info] > git rev-parse --show-toplevel [1ms]
2024-11-22 21:07:18.916 [info] > git show --textconv :src/restaurante/DatabaseCliente.java [9ms]
2024-11-22 21:07:18.917 [info] > git ls-files --stage -- /home/adilson/clone/Restaurante/src/restaurante/DatabaseCliente.java [1ms]
2024-11-22 21:07:18.925 [info] > git cat-file -s 3aa7d054b2e9b5d29e78ee2ddadfef87e03d696b [1ms]
2024-11-22 21:07:21.237 [info] > git show --textconv :src/restaurante/Cliente.java [7ms]
2024-11-22 21:07:21.238 [info] > git ls-files --stage -- /home/adilson/clone/Restaurante/src/restaurante/Cliente.java [1ms]
2024-11-22 21:07:21.246 [info] > git cat-file -s 0262d802be0b81c25a93c045f926d72af5e6619a [1ms]
2024-11-22 21:08:19.105 [info] > git show --textconv :src/restaurante/Cliente.java [8ms]
2024-11-22 21:08:19.106 [info] > git ls-files --stage -- /home/adilson/clone/Restaurante/src/restaurante/Cliente.java [1ms]
2024-11-22 21:08:19.114 [info] > git cat-file -s 0262d802be0b81c25a93c045f926d72af5e6619a [1ms]
2024-11-22 21:09:55.164 [info] > git show --textconv :src/restaurante/pesquisa.java [9ms]
2024-11-22 21:09:55.165 [info] > git ls-files --stage -- /home/adilson/clone/Restaurante/src/restaurante/pesquisa.java [2ms]
2024-11-22 21:09:55.173 [info] > git cat-file -s 92d4c03f14b7ab43718fb2ededc205f79b058588 [1ms]
2024-11-22 21:10:55.896 [info] > git show --textconv :src/restaurante/DatabaseCliente.java [9ms]
2024-11-22 21:10:55.897 [info] > git ls-files --stage -- /home/adilson/clone/Restaurante/src/restaurante/DatabaseCliente.java [1ms]
2024-11-22 21:10:55.906 [info] > git cat-file -s 3aa7d054b2e9b5d29e78ee2ddadfef87e03d696b [1ms]
2024-11-22 21:11:04.253 [info] > git show --textconv :src/restaurante/pesquisa.java [9ms]
2024-11-22 21:11:04.254 [info] > git ls-files --stage -- /home/adilson/clone/Restaurante/src/restaurante/pesquisa.java [2ms]
2024-11-22 21:11:04.262 [info] > git cat-file -s 92d4c03f14b7ab43718fb2ededc205f79b058588 [1ms]
2024-11-22 21:11:06.608 [info] > git show --textconv :src/restaurante/Cliente.java [9ms]
2024-11-22 21:11:06.608 [info] > git ls-files --stage -- /home/adilson/clone/Restaurante/src/restaurante/Cliente.java [1ms]
2024-11-22 21:11:06.616 [info] > git cat-file -s 0262d802be0b81c25a93c045f926d72af5e6619a [1ms]
2024-11-22 21:11:07.113 [info] > git show --textconv :src/restaurante/pesquisa.java [9ms]
2024-11-22 21:11:07.113 [info] > git ls-files --stage -- /home/adilson/clone/Restaurante/src/restaurante/pesquisa.java [1ms]
2024-11-22 21:11:07.123 [info] > git cat-file -s 92d4c03f14b7ab43718fb2ededc205f79b058588 [1ms]
2024-11-22 21:11:09.087 [info] > git show --textconv :src/restaurante/DatabaseFilial.java [8ms]
2024-11-22 21:11:09.088 [info] > git ls-files --stage -- /home/adilson/clone/Restaurante/src/restaurante/DatabaseFilial.java [1ms]
2024-11-22 21:11:09.097 [info] > git cat-file -s f35b82f6c3c9dc9b080926330126b98783ea358c [2ms]
2024-11-22 21:11:10.041 [info] > git show --textconv :src/restaurante/DatabaseCliente.java [13ms]
2024-11-22 21:11:10.042 [info] > git ls-files --stage -- /home/adilson/clone/Restaurante/src/restaurante/DatabaseCliente.java [2ms]
2024-11-22 21:11:10.050 [info] > git cat-file -s 3aa7d054b2e9b5d29e78ee2ddadfef87e03d696b [1ms]
