2024-11-14 09:47:26.425 [info] [main] Log level: Info
2024-11-14 09:47:26.425 [info] [main] Validating found git in: "git"
2024-11-14 09:47:26.425 [info] [main] Using git "2.47.0" from "git"
2024-11-14 09:47:26.425 [info] [Model][doInitialScan] Initial repository scan started
2024-11-14 09:47:26.425 [info] > git rev-parse --show-toplevel [2ms]
2024-11-14 09:47:26.425 [info] > git rev-parse --git-dir --git-common-dir [1ms]
2024-11-14 09:47:26.425 [info] [Model][openRepository] Opened repository: /home/adilson/clone/git-test-repo
2024-11-14 09:47:26.425 [info] [Model][doInitialScan] Initial repository scan completed - repositories (1), closed repositories (0), parent repositories (0), unsafe repositories (0)
2024-11-14 09:47:26.425 [info] > git config --get commit.template [3ms]
2024-11-14 09:47:26.425 [info] > git for-each-ref --format=%(refname)%00%(upstream:short)%00%(objectname)%00%(upstream:track)%00%(upstream:remotename)%00%(upstream:remoteref) refs/heads/experimental refs/remotes/experimental [12ms]
2024-11-14 09:47:26.444 [info] > git status -z -uall [11ms]
2024-11-14 09:47:26.444 [info] > git for-each-ref --sort -committerdate --format %(refname) %(objectname) %(*objectname) [5ms]
2024-11-14 09:47:26.462 [info] > git for-each-ref --format=%(refname)%00%(upstream:short)%00%(objectname)%00%(upstream:track)%00%(upstream:remotename)%00%(upstream:remoteref) refs/heads/experimental refs/remotes/experimental [8ms]
2024-11-14 09:47:26.469 [info] > git config --get commit.template [8ms]
2024-11-14 09:47:26.470 [info] > git config --local branch.experimental.vscode-merge-base [2ms]
2024-11-14 09:47:26.481 [info] > git for-each-ref --format=%(refname)%00%(upstream:short)%00%(objectname)%00%(upstream:track)%00%(upstream:remotename)%00%(upstream:remoteref) refs/heads/origin/main refs/remotes/origin/main [7ms]
2024-11-14 09:47:26.494 [info] > git merge-base refs/heads/experimental refs/remotes/origin/experimental [7ms]
2024-11-14 09:47:26.500 [info] > git for-each-ref --format=%(refname)%00%(upstream:short)%00%(objectname)%00%(upstream:track)%00%(upstream:remotename)%00%(upstream:remoteref) refs/heads/experimental refs/remotes/experimental [19ms]
2024-11-14 09:47:26.501 [info] > git diff --name-status -z --diff-filter=ADMR 32da6d4dee22c607edddb5324bcdcb9c396d6e74...refs/remotes/origin/experimental [2ms]
2024-11-14 09:47:26.514 [info] > git status -z -uall [6ms]
2024-11-14 09:47:26.542 [info] > git for-each-ref --sort -committerdate --format %(refname) %(objectname) %(*objectname) [28ms]
2024-11-14 09:47:26.863 [info] > git show --textconv :README.md [6ms]
2024-11-14 09:47:26.864 [info] > git ls-files --stage -- /home/adilson/clone/git-test-repo/README.md [2ms]
2024-11-14 09:47:26.870 [info] > git cat-file -s 574c53445fde59ebdbe0349d65bef2d315038bc5 [1ms]
2024-11-14 09:47:26.923 [info] > git check-ignore -v -z --stdin [1ms]
2024-11-14 10:14:27.464 [info] > git config --get commit.template [5ms]
2024-11-14 10:14:27.464 [info] > git for-each-ref --format=%(refname)%00%(upstream:short)%00%(objectname)%00%(upstream:track)%00%(upstream:remotename)%00%(upstream:remoteref) refs/heads/experimental refs/remotes/experimental [1ms]
2024-11-14 10:14:27.476 [info] > git status -z -uall [6ms]
2024-11-14 10:14:27.477 [info] > git for-each-ref --sort -committerdate --format %(refname) %(objectname) %(*objectname) [1ms]
2024-11-14 10:14:28.524 [info] > git config --get commit.template [6ms]
2024-11-14 10:14:28.524 [info] > git for-each-ref --format=%(refname)%00%(upstream:short)%00%(objectname)%00%(upstream:track)%00%(upstream:remotename)%00%(upstream:remoteref) refs/heads/experimental refs/remotes/experimental [1ms]
2024-11-14 10:14:28.534 [info] > git status -z -uall [5ms]
2024-11-14 10:14:28.534 [info] > git for-each-ref --sort -committerdate --format %(refname) %(objectname) %(*objectname) [1ms]
2024-11-14 10:14:28.619 [info] > git ls-files --stage -- /home/adilson/clone/git-test-repo/README.md [1ms]
2024-11-14 10:14:28.624 [info] > git cat-file -s 687045597fe8ae957ce3580826e2ba7c208d4115 [1ms]
2024-11-14 10:14:28.630 [info] > git show --textconv :README.md [1ms]
2024-11-14 10:14:31.323 [info] > git config --get commit.template [6ms]
2024-11-14 10:14:31.324 [info] > git for-each-ref --format=%(refname)%00%(upstream:short)%00%(objectname)%00%(upstream:track)%00%(upstream:remotename)%00%(upstream:remoteref) refs/heads/experimental refs/remotes/experimental [1ms]
2024-11-14 10:14:31.336 [info] > git status -z -uall [7ms]
2024-11-14 10:14:31.336 [info] > git for-each-ref --sort -committerdate --format %(refname) %(objectname) %(*objectname) [1ms]
2024-11-14 10:14:31.344 [info] > git merge-base refs/heads/experimental refs/remotes/origin/experimental [1ms]
2024-11-14 10:14:31.351 [info] > git diff --name-status -z --diff-filter=ADMR 32da6d4dee22c607edddb5324bcdcb9c396d6e74...refs/remotes/origin/experimental [1ms]
2024-11-14 10:14:32.473 [info] > git ls-files --stage -- /home/adilson/clone/git-test-repo/README.md [1ms]
2024-11-14 10:14:32.478 [info] > git cat-file -s 687045597fe8ae957ce3580826e2ba7c208d4115 [1ms]
2024-11-14 10:14:32.485 [info] > git show --textconv :README.md [1ms]
2024-11-14 10:14:33.548 [info] > git config --get commit.template [6ms]
2024-11-14 10:14:33.549 [info] > git for-each-ref --format=%(refname)%00%(upstream:short)%00%(objectname)%00%(upstream:track)%00%(upstream:remotename)%00%(upstream:remoteref) refs/heads/experimental refs/remotes/experimental [2ms]
2024-11-14 10:14:33.559 [info] > git status -z -uall [6ms]
2024-11-14 10:14:33.560 [info] > git for-each-ref --sort -committerdate --format %(refname) %(objectname) %(*objectname) [2ms]
2024-11-14 10:14:36.846 [info] > git config --get commit.template [5ms]
2024-11-14 10:14:36.847 [info] > git for-each-ref --format=%(refname)%00%(upstream:short)%00%(objectname)%00%(upstream:track)%00%(upstream:remotename)%00%(upstream:remoteref) refs/heads/main refs/remotes/main [1ms]
2024-11-14 10:14:36.858 [info] > git status -z -uall [5ms]
2024-11-14 10:14:36.859 [info] > git for-each-ref --sort -committerdate --format %(refname) %(objectname) %(*objectname) [1ms]
2024-11-14 10:14:36.866 [info] > git for-each-ref --format=%(refname)%00%(upstream:short)%00%(objectname)%00%(upstream:track)%00%(upstream:remotename)%00%(upstream:remoteref) refs/heads/main refs/remotes/main [1ms]
2024-11-14 10:14:36.873 [info] > git config --local branch.main.vscode-merge-base [1ms]
2024-11-14 10:14:36.873 [warning] [Git][config] git config failed: Failed to execute git
2024-11-14 10:14:36.879 [info] > git reflog main --grep-reflog=branch: Created from *. [2ms]
2024-11-14 10:14:36.884 [info] > git symbolic-ref --short refs/remotes/origin/HEAD [1ms]
2024-11-14 10:14:36.884 [info] fatal: ref refs/remotes/origin/HEAD is not a symbolic ref
2024-11-14 10:14:36.884 [warning] [Repository][getDefaultBranch] Failed to get default branch details: Failed to execute git.
2024-11-14 10:14:36.890 [info] > git merge-base refs/heads/main refs/remotes/origin/main [1ms]
2024-11-14 10:14:36.896 [info] > git diff --name-status -z --diff-filter=ADMR 972f1f1a532145db9a23e570f0405921b82a3da7...refs/remotes/origin/main [1ms]
2024-11-14 10:14:38.573 [info] > git config --get commit.template [6ms]
2024-11-14 10:14:38.573 [info] > git for-each-ref --format=%(refname)%00%(upstream:short)%00%(objectname)%00%(upstream:track)%00%(upstream:remotename)%00%(upstream:remoteref) refs/heads/main refs/remotes/main [1ms]
2024-11-14 10:14:38.583 [info] > git status -z -uall [5ms]
2024-11-14 10:14:38.584 [info] > git for-each-ref --sort -committerdate --format %(refname) %(objectname) %(*objectname) [1ms]
2024-11-14 10:14:38.591 [info] > git ls-files --stage -- /home/adilson/clone/git-test-repo/README.md [1ms]
2024-11-14 10:14:38.596 [info] > git cat-file -s 391823061f40e1b0353ee1f33ef38dc25d7ddc25 [1ms]
2024-11-14 10:14:38.602 [info] > git show --textconv :README.md [1ms]
2024-11-14 10:14:44.944 [info] > git config --get commit.template [5ms]
2024-11-14 10:14:44.945 [info] > git for-each-ref --format=%(refname)%00%(upstream:short)%00%(objectname)%00%(upstream:track)%00%(upstream:remotename)%00%(upstream:remoteref) refs/heads/experimental refs/remotes/experimental [1ms]
2024-11-14 10:14:44.956 [info] > git status -z -uall [6ms]
2024-11-14 10:14:44.958 [info] > git for-each-ref --sort -committerdate --format %(refname) %(objectname) %(*objectname) [2ms]
2024-11-14 10:14:44.965 [info] > git for-each-ref --format=%(refname)%00%(upstream:short)%00%(objectname)%00%(upstream:track)%00%(upstream:remotename)%00%(upstream:remoteref) refs/heads/experimental refs/remotes/experimental [1ms]
2024-11-14 10:14:44.972 [info] > git config --local branch.experimental.vscode-merge-base [0ms]
2024-11-14 10:14:44.977 [info] > git for-each-ref --format=%(refname)%00%(upstream:short)%00%(objectname)%00%(upstream:track)%00%(upstream:remotename)%00%(upstream:remoteref) refs/heads/origin/main refs/remotes/origin/main [1ms]
2024-11-14 10:14:44.983 [info] > git merge-base refs/heads/experimental refs/remotes/origin/experimental [1ms]
2024-11-14 10:14:44.989 [info] > git diff --name-status -z --diff-filter=ADMR 32da6d4dee22c607edddb5324bcdcb9c396d6e74...refs/remotes/origin/experimental [2ms]
2024-11-14 10:14:46.001 [info] > git config --get commit.template [6ms]
2024-11-14 10:14:46.002 [info] > git for-each-ref --format=%(refname)%00%(upstream:short)%00%(objectname)%00%(upstream:track)%00%(upstream:remotename)%00%(upstream:remoteref) refs/heads/experimental refs/remotes/experimental [2ms]
2024-11-14 10:14:46.011 [info] > git status -z -uall [5ms]
2024-11-14 10:14:46.012 [info] > git for-each-ref --sort -committerdate --format %(refname) %(objectname) %(*objectname) [1ms]
2024-11-14 10:14:46.097 [info] > git ls-files --stage -- /home/adilson/clone/git-test-repo/README.md [1ms]
2024-11-14 10:14:46.103 [info] > git cat-file -s 687045597fe8ae957ce3580826e2ba7c208d4115 [1ms]
2024-11-14 10:14:46.109 [info] > git show --textconv :README.md [1ms]
2024-11-14 10:14:50.280 [info] > git ls-files --stage -- /home/adilson/clone/git-test-repo/README.md [1ms]
2024-11-14 10:14:50.286 [info] > git cat-file -s 687045597fe8ae957ce3580826e2ba7c208d4115 [1ms]
2024-11-14 10:14:50.292 [info] > git show --textconv :README.md [2ms]
2024-11-14 10:14:51.026 [info] > git config --get commit.template [6ms]
2024-11-14 10:14:51.027 [info] > git for-each-ref --format=%(refname)%00%(upstream:short)%00%(objectname)%00%(upstream:track)%00%(upstream:remotename)%00%(upstream:remoteref) refs/heads/experimental refs/remotes/experimental [2ms]
2024-11-14 10:14:51.036 [info] > git status -z -uall [5ms]
2024-11-14 10:14:51.037 [info] > git for-each-ref --sort -committerdate --format %(refname) %(objectname) %(*objectname) [1ms]
2024-11-14 10:14:53.649 [info] > git ls-files --stage -- /home/adilson/clone/git-test-repo/README.md [1ms]
2024-11-14 10:14:53.654 [info] > git cat-file -s 553583914bdb0b0c9184310dbb151bd9c32b4d95 [1ms]
2024-11-14 10:14:53.660 [info] > git show --textconv :README.md [1ms]
2024-11-14 10:14:56.047 [info] > git for-each-ref --format=%(refname)%00%(upstream:short)%00%(objectname)%00%(upstream:track)%00%(upstream:remotename)%00%(upstream:remoteref) refs/heads/experimental refs/remotes/experimental [1ms]
2024-11-14 10:14:56.057 [info] > git status -z -uall [5ms]
2024-11-14 10:14:56.057 [info] > git for-each-ref --sort -committerdate --format %(refname) %(objectname) %(*objectname) [1ms]
2024-11-14 10:14:57.433 [info] > git show -s --decorate=full --shortstat --format=%H%n%aN%n%aE%n%at%n%ct%n%P%n%D%n%B -z MERGE_HEAD [6ms]
2024-11-14 10:14:57.433 [info] > git show -s --decorate=full --shortstat --format=%H%n%aN%n%aE%n%at%n%ct%n%P%n%D%n%B -z HEAD [10ms]
2024-11-14 10:14:57.434 [info] > git diff --name-status -z --diff-filter=ADMR MERGE_HEAD...HEAD [2ms]
2024-11-14 10:14:57.512 [info] > git show --textconv :1:README.md [29ms]
2024-11-14 10:14:57.512 [info] > git show --textconv 27be9036035cf6c1e6dfd1867d4b28558894fe25:README.md [23ms]
2024-11-14 10:14:57.512 [info] > git show --textconv 415401b956b2b5d8f720835bc965b65525bc1e2e:README.md [17ms]
2024-11-14 10:14:57.512 [info] > git ls-tree -l 27be9036035cf6c1e6dfd1867d4b28558894fe25 -- /home/adilson/clone/git-test-repo/README.md [6ms]
2024-11-14 10:14:57.513 [info] > git ls-tree -l :1 -- /home/adilson/clone/git-test-repo/README.md [12ms]
2024-11-14 10:14:57.513 [info] fatal: Not a valid object name :1
2024-11-14 10:14:57.514 [info] > git ls-tree -l 415401b956b2b5d8f720835bc965b65525bc1e2e -- /home/adilson/clone/git-test-repo/README.md [3ms]
2024-11-14 10:15:20.523 [info] > git add -A -- /home/adilson/clone/git-test-repo/README.md [2ms]
2024-11-14 10:15:20.531 [info] > git for-each-ref --format=%(refname)%00%(upstream:short)%00%(objectname)%00%(upstream:track)%00%(upstream:remotename)%00%(upstream:remoteref) refs/heads/experimental refs/remotes/experimental [1ms]
2024-11-14 10:15:20.545 [info] > git status -z -uall [6ms]
2024-11-14 10:15:20.546 [info] > git for-each-ref --sort -committerdate --format %(refname) %(objectname) %(*objectname) [2ms]
2024-11-14 10:15:20.581 [info] > git log --format=%H%n%aN%n%aE%n%at%n%ct%n%P%n%D%n%B -z --shortstat --diff-merges=first-parent -n50 --skip=0 --topo-order --decorate=full --stdin [2ms]
2024-11-14 10:15:20.894 [info] > git show --textconv :README.md [5ms]
2024-11-14 10:15:20.894 [info] > git ls-files --stage -- /home/adilson/clone/git-test-repo/README.md [1ms]
2024-11-14 10:15:20.899 [info] > git cat-file -s 40241991e3003139c0a72689c3b0429272ef746c [1ms]
2024-11-14 10:15:21.685 [info] > git for-each-ref --format=%(refname)%00%(upstream:short)%00%(objectname)%00%(upstream:track)%00%(upstream:remotename)%00%(upstream:remoteref) refs/heads/experimental refs/remotes/experimental [1ms]
2024-11-14 10:15:21.695 [info] > git status -z -uall [5ms]
2024-11-14 10:15:21.696 [info] > git for-each-ref --sort -committerdate --format %(refname) %(objectname) %(*objectname) [2ms]
2024-11-14 10:15:21.786 [info] > git ls-files --stage -- /home/adilson/clone/git-test-repo/README.md [1ms]
2024-11-14 10:15:21.791 [info] > git cat-file -s 40241991e3003139c0a72689c3b0429272ef746c [1ms]
2024-11-14 10:15:21.798 [info] > git show --textconv :README.md [2ms]
2024-11-14 10:15:26.707 [info] > git for-each-ref --format=%(refname)%00%(upstream:short)%00%(objectname)%00%(upstream:track)%00%(upstream:remotename)%00%(upstream:remoteref) refs/heads/experimental refs/remotes/experimental [2ms]
2024-11-14 10:15:26.718 [info] > git status -z -uall [6ms]
2024-11-14 10:15:26.719 [info] > git for-each-ref --sort -committerdate --format %(refname) %(objectname) %(*objectname) [2ms]
2024-11-14 10:15:31.337 [info] > git ls-files --stage -- /home/adilson/clone/git-test-repo/README.md [1ms]
2024-11-14 10:15:31.342 [info] > git cat-file -s 40241991e3003139c0a72689c3b0429272ef746c [1ms]
2024-11-14 10:15:31.348 [info] > git show --textconv :README.md [1ms]
2024-11-14 10:15:31.730 [info] > git for-each-ref --format=%(refname)%00%(upstream:short)%00%(objectname)%00%(upstream:track)%00%(upstream:remotename)%00%(upstream:remoteref) refs/heads/experimental refs/remotes/experimental [2ms]
2024-11-14 10:15:31.741 [info] > git status -z -uall [5ms]
2024-11-14 10:15:31.741 [info] > git for-each-ref --sort -committerdate --format %(refname) %(objectname) %(*objectname) [1ms]
2024-11-14 10:15:36.753 [info] > git for-each-ref --format=%(refname)%00%(upstream:short)%00%(objectname)%00%(upstream:track)%00%(upstream:remotename)%00%(upstream:remoteref) refs/heads/experimental refs/remotes/experimental [1ms]
2024-11-14 10:15:36.765 [info] > git status -z -uall [6ms]
2024-11-14 10:15:36.766 [info] > git for-each-ref --sort -committerdate --format %(refname) %(objectname) %(*objectname) [2ms]
2024-11-14 10:15:38.515 [info] > git config --get commit.template [1ms]
2024-11-14 10:15:38.523 [info] > git for-each-ref --format=%(refname)%00%(upstream:short)%00%(objectname)%00%(upstream:track)%00%(upstream:remotename)%00%(upstream:remoteref) refs/heads/experimental refs/remotes/experimental [2ms]
2024-11-14 10:15:38.534 [info] > git status -z -uall [5ms]
2024-11-14 10:15:38.535 [info] > git for-each-ref --sort -committerdate --format %(refname) %(objectname) %(*objectname) [1ms]
2024-11-14 10:15:38.543 [info] > git merge-base refs/heads/experimental refs/remotes/origin/experimental [2ms]
2024-11-14 10:15:38.551 [info] > git diff --name-status -z --diff-filter=ADMR 32da6d4dee22c607edddb5324bcdcb9c396d6e74...refs/remotes/origin/experimental [1ms]
2024-11-14 10:15:38.575 [info] > git log --format=%H%n%aN%n%aE%n%at%n%ct%n%P%n%D%n%B -z --shortstat --diff-merges=first-parent -n50 --skip=0 --topo-order --decorate=full --stdin [4ms]
2024-11-14 10:15:39.667 [info] > git ls-files --stage -- /home/adilson/clone/git-test-repo/README.md [1ms]
2024-11-14 10:15:39.672 [info] > git cat-file -s 40241991e3003139c0a72689c3b0429272ef746c [0ms]
2024-11-14 10:15:39.680 [info] > git show --textconv :README.md [2ms]
2024-11-14 10:15:41.779 [info] > git config --get commit.template [5ms]
2024-11-14 10:15:41.780 [info] > git for-each-ref --format=%(refname)%00%(upstream:short)%00%(objectname)%00%(upstream:track)%00%(upstream:remotename)%00%(upstream:remoteref) refs/heads/experimental refs/remotes/experimental [1ms]
2024-11-14 10:15:41.791 [info] > git status -z -uall [5ms]
2024-11-14 10:15:41.792 [info] > git for-each-ref --sort -committerdate --format %(refname) %(objectname) %(*objectname) [0ms]
2024-11-14 10:15:43.199 [info] > git config --get commit.template [6ms]
2024-11-14 10:15:43.199 [info] > git for-each-ref --format=%(refname)%00%(upstream:short)%00%(objectname)%00%(upstream:track)%00%(upstream:remotename)%00%(upstream:remoteref) refs/heads/experimental refs/remotes/experimental [1ms]
2024-11-14 10:15:43.211 [info] > git status -z -uall [5ms]
2024-11-14 10:15:43.212 [info] > git for-each-ref --sort -committerdate --format %(refname) %(objectname) %(*objectname) [1ms]
2024-11-14 10:15:43.226 [info] > git merge-base refs/heads/experimental refs/remotes/origin/experimental [6ms]
2024-11-14 10:15:43.231 [info] > git log --format=%H%n%aN%n%aE%n%at%n%ct%n%P%n%D%n%B -z --shortstat --diff-merges=first-parent -n50 --skip=0 --topo-order --decorate=full --stdin [6ms]
2024-11-14 10:15:43.232 [info] > git diff --name-status -z --diff-filter=ADMR 4ecfc6d3e8115d87bc31fabe49ac8b2a10054aac...refs/remotes/origin/experimental [1ms]
2024-11-14 10:15:44.343 [info] > git ls-files --stage -- /home/adilson/clone/git-test-repo/README.md [1ms]
2024-11-14 10:15:44.349 [info] > git cat-file -s 40241991e3003139c0a72689c3b0429272ef746c [1ms]
2024-11-14 10:15:44.355 [info] > git show --textconv :README.md [1ms]
2024-11-14 10:15:49.553 [info] > git config --get commit.template [11ms]
2024-11-14 10:15:49.554 [info] > git for-each-ref --format=%(refname)%00%(upstream:short)%00%(objectname)%00%(upstream:track)%00%(upstream:remotename)%00%(upstream:remoteref) refs/heads/experimental refs/remotes/experimental [2ms]
2024-11-14 10:15:49.571 [info] > git status -z -uall [10ms]
2024-11-14 10:15:49.572 [info] > git for-each-ref --sort -committerdate --format %(refname) %(objectname) %(*objectname) [2ms]
2024-11-14 10:51:28.768 [info] > git config --get commit.template [17ms]
2024-11-14 10:51:28.770 [info] > git ls-files --stage -- /home/adilson/clone/git-test-repo/README.md [11ms]
2024-11-14 10:51:28.777 [info] > git for-each-ref --format=%(refname)%00%(upstream:short)%00%(objectname)%00%(upstream:track)%00%(upstream:remotename)%00%(upstream:remoteref) refs/heads/main refs/remotes/main [11ms]
2024-11-14 10:51:28.793 [info] > git status -z -uall [7ms]
2024-11-14 10:51:28.794 [info] > git cat-file -s 391823061f40e1b0353ee1f33ef38dc25d7ddc25 [17ms]
2024-11-14 10:51:28.794 [info] > git for-each-ref --sort -committerdate --format %(refname) %(objectname) %(*objectname) [2ms]
2024-11-14 10:51:28.811 [info] > git for-each-ref --format=%(refname)%00%(upstream:short)%00%(objectname)%00%(upstream:track)%00%(upstream:remotename)%00%(upstream:remoteref) refs/heads/main refs/remotes/main [7ms]
2024-11-14 10:51:28.822 [info] > git show --textconv :README.md [11ms]
2024-11-14 10:51:28.823 [info] > git config --local branch.main.vscode-merge-base [2ms]
2024-11-14 10:51:28.823 [warning] [Git][config] git config failed: Failed to execute git
2024-11-14 10:51:28.840 [info] > git reflog main --grep-reflog=branch: Created from *. [10ms]
2024-11-14 10:51:28.849 [info] > git symbolic-ref --short refs/remotes/origin/HEAD [2ms]
2024-11-14 10:51:28.849 [info] fatal: ref refs/remotes/origin/HEAD is not a symbolic ref
2024-11-14 10:51:28.849 [warning] [Repository][getDefaultBranch] Failed to get default branch details: Failed to execute git.
2024-11-14 10:51:28.863 [info] > git merge-base refs/heads/main refs/remotes/origin/main [7ms]
2024-11-14 10:51:28.871 [info] > git log --format=%H%n%aN%n%aE%n%at%n%ct%n%P%n%D%n%B -z --shortstat --diff-merges=first-parent -n50 --skip=0 --topo-order --decorate=full --stdin [9ms]
2024-11-14 10:51:28.873 [info] > git diff --name-status -z --diff-filter=ADMR 27be9036035cf6c1e6dfd1867d4b28558894fe25...refs/remotes/origin/main [2ms]
2024-11-14 10:55:54.160 [info] > git config --get commit.template [10ms]
2024-11-14 10:55:54.161 [info] > git for-each-ref --format=%(refname)%00%(upstream:short)%00%(objectname)%00%(upstream:track)%00%(upstream:remotename)%00%(upstream:remoteref) refs/heads/main refs/remotes/main [2ms]
2024-11-14 10:55:54.177 [info] > git status -z -uall [7ms]
2024-11-14 10:55:54.177 [info] > git for-each-ref --sort -committerdate --format %(refname) %(objectname) %(*objectname) [1ms]
