2024-11-26 21:01:07.587 [info] [main] Log level: Info
2024-11-26 21:01:07.587 [info] [main] Validating found git in: "git"
2024-11-26 21:01:07.587 [info] [main] Using git "2.47.0" from "git"
2024-11-26 21:01:07.587 [info] [Model][doInitialScan] Initial repository scan started
2024-11-26 21:01:07.587 [info] > git rev-parse --show-toplevel [3ms]
2024-11-26 21:01:07.587 [info] > git rev-parse --git-dir --git-common-dir [2ms]
2024-11-26 21:01:07.598 [info] [Model][openRepository] Opened repository: /home/adilson/clone/pr
2024-11-26 21:01:07.624 [info] > git rev-parse --show-toplevel [4ms]
2024-11-26 21:01:07.624 [info] > git config --get commit.template [11ms]
2024-11-26 21:01:08.002 [info] > git rev-parse --show-toplevel [151ms]
2024-11-26 21:01:08.022 [info] > git for-each-ref --format=%(refname)%00%(upstream:short)%00%(objectname)%00%(upstream:track)%00%(upstream:remotename)%00%(upstream:remoteref) refs/heads/germano refs/remotes/germano [44ms]
2024-11-26 21:01:08.036 [info] > git rev-parse --show-toplevel [17ms]
2024-11-26 21:01:08.052 [info] > git rev-parse --show-toplevel [3ms]
2024-11-26 21:01:08.098 [info] > git status -z -uall [23ms]
2024-11-26 21:01:08.098 [info] > git rev-parse --show-toplevel [6ms]
2024-11-26 21:01:08.099 [info] > git for-each-ref --sort -committerdate --format %(refname) %(objectname) %(*objectname) [15ms]
2024-11-26 21:01:08.148 [info] > git for-each-ref --format=%(refname)%00%(upstream:short)%00%(objectname)%00%(upstream:track)%00%(upstream:remotename)%00%(upstream:remoteref) refs/heads/germano refs/remotes/germano [30ms]
2024-11-26 21:01:08.159 [info] > git config --local branch.germano.vscode-merge-base [2ms]
2024-11-26 21:01:08.166 [info] > git config --get commit.template [24ms]
2024-11-26 21:01:08.166 [info] > git rev-parse --show-toplevel [36ms]
2024-11-26 21:01:08.166 [info] [Model][doInitialScan] Initial repository scan completed - repositories (1), closed repositories (0), parent repositories (0), unsafe repositories (0)
2024-11-26 21:01:08.205 [info] > git show --textconv :src/restaurante/DatabaseCliente.java [33ms]
2024-11-26 21:01:08.205 [info] > git ls-files --stage -- /home/adilson/clone/pr/src/restaurante/DatabaseCliente.java [27ms]
2024-11-26 21:01:08.211 [info] > git for-each-ref --format=%(refname)%00%(upstream:short)%00%(objectname)%00%(upstream:track)%00%(upstream:remotename)%00%(upstream:remoteref) refs/heads/origin/main refs/remotes/origin/main [45ms]
2024-11-26 21:01:08.232 [info] > git merge-base refs/heads/germano refs/remotes/origin/germano [16ms]
2024-11-26 21:01:08.238 [info] > git cat-file -s 75e31d3f55f4ace3c613065e49beca5151400e4c [28ms]
2024-11-26 21:01:08.261 [info] > git diff --name-status -z --diff-filter=ADMR 37fd4e5b39144995d6593ea10531f9a6c20f5e4a...refs/remotes/origin/germano [23ms]
2024-11-26 21:01:08.262 [info] > git for-each-ref --format=%(refname)%00%(upstream:short)%00%(objectname)%00%(upstream:track)%00%(upstream:remotename)%00%(upstream:remoteref) refs/heads/germano refs/remotes/germano [30ms]
2024-11-26 21:01:08.292 [info] > git status -z -uall [10ms]
2024-11-26 21:01:08.293 [info] > git for-each-ref --sort -committerdate --format %(refname) %(objectname) %(*objectname) [2ms]
2024-11-26 21:01:08.364 [info] > git check-ignore -v -z --stdin [2ms]
