2024-11-22 21:05:11.402 [info] Added views:outline in workbench.view.explorer
2024-11-22 21:05:11.402 [info] Added views:workbench.view.search in workbench.view.search
2024-11-22 21:05:11.402 [info] Added views:workbench.scm in workbench.view.scm
2024-11-22 21:05:11.402 [info] Added views:workbench.panel.markers.view in workbench.panel.markers
2024-11-22 21:05:11.402 [info] Added views:workbench.panel.output in workbench.panel.output
2024-11-22 21:05:11.402 [info] Added views:terminal in terminal
2024-11-22 21:05:11.402 [info] Added views:timeline in workbench.view.explorer
2024-11-22 21:05:11.402 [info] Added views:workbench.explorer.fileView in workbench.view.explorer
2024-11-22 21:05:11.809 [info] Added views:workbench.debug.variablesView,workbench.debug.watchExpressionsView,workbench.debug.callStackView,workbench.debug.breakPointsView in workbench.view.debug
2024-11-22 21:05:11.937 [info] Added views:workbench.panel.repl.view in workbench.panel.repl
2024-11-22 21:05:11.938 [info] Removed views:workbench.debug.breakPointsView,workbench.debug.callStackView,workbench.debug.watchExpressionsView,workbench.debug.variablesView from workbench.view.debug
2024-11-22 21:05:11.938 [info] Added views:workbench.debug.welcome in workbench.view.debug
2024-11-22 21:05:11.969 [info] Added views:~remote.forwardedPorts in ~remote.forwardedPortsContainer
2024-11-22 21:05:14.846 [info] Added views:workbench.scm.history in workbench.view.scm
2024-11-22 21:05:19.376 [info] Added views:workbench.views.extensions.installed,workbench.views.extensions.popular,extensions.recommendedList in workbench.view.extensions
2024-11-22 21:05:19.376 [info] Removed views:workbench.views.extensions.popular from workbench.view.extensions
2024-11-22 21:05:24.898 [info] Removed views:extensions.recommendedList,workbench.views.extensions.installed from workbench.view.extensions
2024-11-22 21:05:24.903 [info] Added views:workbench.views.extensions.marketplace in workbench.view.extensions
2024-11-22 21:05:48.749 [info] Added views:gitlens.views.home,gitlens.views.launchpad,gitlens.views.workspaces in workbench.view.extension.gitlens
2024-11-22 21:05:48.750 [info] Added views:gitlens.views.commitDetails,gitlens.views.lineHistory,gitlens.views.fileHistory,gitlens.views.searchAndCompare in workbench.view.extension.gitlensInspect
2024-11-22 21:05:48.751 [info] Added views:gitlens.views.scm.grouped in workbench.view.scm
2024-11-22 21:05:49.061 [info] Removed views:gitlens.views.searchAndCompare,gitlens.views.fileHistory,gitlens.views.lineHistory,gitlens.views.commitDetails from workbench.view.extension.gitlensInspect
2024-11-22 21:05:49.062 [info] Removed views:gitlens.views.scm.grouped from workbench.view.scm
2024-11-22 21:05:49.151 [info] Added views:gitlens.views.drafts in workbench.view.extension.gitlens
2024-11-22 21:05:49.196 [info] Added views:gitlens.views.commitDetails,gitlens.views.lineHistory,gitlens.views.fileHistory,gitlens.views.searchAndCompare in workbench.view.extension.gitlensInspect
2024-11-22 21:05:49.197 [info] Added views:gitlens.views.scm.grouped in workbench.view.scm
2024-11-22 21:05:50.237 [info] Added views:gitlens.views.graph,gitlens.views.graphDetails in workbench.view.extension.gitlensPanel
2024-11-22 21:05:50.238 [info] Added views:gitlens.views.timeline in workbench.view.extension.gitlensInspect
