2024-11-14 09:40:50.212 [info] [main] Log level: Info
2024-11-14 09:40:50.212 [info] [main] Validating found git in: "git"
2024-11-14 09:40:50.212 [info] [main] Using git "2.47.0" from "git"
2024-11-14 09:40:50.212 [info] [Model][doInitialScan] Initial repository scan started
2024-11-14 09:40:50.212 [info] > git rev-parse --show-toplevel [3ms]
2024-11-14 09:40:50.212 [info] > git rev-parse --git-dir --git-common-dir [1ms]
2024-11-14 09:40:50.212 [info] [Model][openRepository] Opened repository: /home/adilson/clone/git-test-repo
2024-11-14 09:40:50.212 [info] [Model][doInitialScan] Initial repository scan completed - repositories (1), closed repositories (0), parent repositories (0), unsafe repositories (0)
2024-11-14 09:40:50.213 [info] > git show --textconv :1:README.md [28ms]
2024-11-14 09:40:50.213 [info] > git show --textconv 972f1f1a532145db9a23e570f0405921b82a3da7:README.md [23ms]
2024-11-14 09:40:50.213 [info] > git show --textconv 02d45c5c199015453933ad699b504c16da2ff115:README.md [17ms]
2024-11-14 09:40:50.214 [info] > git ls-tree -l 972f1f1a532145db9a23e570f0405921b82a3da7 -- /home/adilson/clone/git-test-repo/README.md [9ms]
2024-11-14 09:40:50.214 [info] > git ls-tree -l :1 -- /home/adilson/clone/git-test-repo/README.md [13ms]
2024-11-14 09:40:50.214 [info] fatal: Not a valid object name :1
2024-11-14 09:40:50.218 [info] > git ls-tree -l 02d45c5c199015453933ad699b504c16da2ff115 -- /home/adilson/clone/git-test-repo/README.md [7ms]
2024-11-14 09:40:50.226 [info] > git for-each-ref --format=%(refname)%00%(upstream:short)%00%(objectname)%00%(upstream:track)%00%(upstream:remotename)%00%(upstream:remoteref) refs/heads/experimental refs/remotes/experimental [2ms]
2024-11-14 09:40:50.243 [info] > git status -z -uall [8ms]
2024-11-14 09:40:50.244 [info] > git for-each-ref --sort -committerdate --format %(refname) %(objectname) %(*objectname) [1ms]
2024-11-14 09:40:50.256 [info] > git for-each-ref --format=%(refname)%00%(upstream:short)%00%(objectname)%00%(upstream:track)%00%(upstream:remotename)%00%(upstream:remoteref) refs/heads/experimental refs/remotes/experimental [3ms]
2024-11-14 09:40:50.263 [info] > git config --local branch.experimental.vscode-merge-base [1ms]
2024-11-14 09:40:50.269 [info] > git for-each-ref --format=%(refname)%00%(upstream:short)%00%(objectname)%00%(upstream:track)%00%(upstream:remotename)%00%(upstream:remoteref) refs/heads/origin/main refs/remotes/origin/main [1ms]
2024-11-14 09:40:50.284 [info] > git merge-base refs/heads/experimental refs/remotes/origin/experimental [8ms]
2024-11-14 09:40:50.292 [info] > git diff --name-status -z --diff-filter=ADMR 32da6d4dee22c607edddb5324bcdcb9c396d6e74...refs/remotes/origin/experimental [2ms]
2024-11-14 09:40:50.803 [info] > git check-ignore -v -z --stdin [24ms]
2024-11-14 09:40:50.805 [info] > git for-each-ref --format=%(refname)%00%(upstream:short)%00%(objectname)%00%(upstream:track)%00%(upstream:remotename)%00%(upstream:remoteref) refs/heads/experimental refs/remotes/experimental [9ms]
2024-11-14 09:40:50.823 [info] > git status -z -uall [9ms]
2024-11-14 09:40:50.828 [info] > git for-each-ref --sort -committerdate --format %(refname) %(objectname) %(*objectname) [6ms]
2024-11-14 09:40:58.548 [info] > git ls-tree -l 972f1f1a532145db9a23e570f0405921b82a3da7 -- /home/adilson/clone/git-test-repo/README.md [6ms]
2024-11-14 09:40:58.549 [info] > git ls-tree -l 02d45c5c199015453933ad699b504c16da2ff115 -- /home/adilson/clone/git-test-repo/README.md [2ms]
2024-11-14 09:42:00.666 [info] > git config --get commit.template [6ms]
2024-11-14 09:42:00.666 [info] > git for-each-ref --format=%(refname)%00%(upstream:short)%00%(objectname)%00%(upstream:track)%00%(upstream:remotename)%00%(upstream:remoteref) refs/heads/experimental refs/remotes/experimental [1ms]
2024-11-14 09:42:00.678 [info] > git status -z -uall [6ms]
2024-11-14 09:42:00.679 [info] > git for-each-ref --sort -committerdate --format %(refname) %(objectname) %(*objectname) [1ms]
2024-11-14 09:42:00.996 [info] > git show --textconv :README.md [7ms]
2024-11-14 09:42:00.997 [info] > git ls-files --stage -- /home/adilson/clone/git-test-repo/README.md [2ms]
2024-11-14 09:42:01.003 [info] > git cat-file -s 1f9cd90f14e6096b68255bdb3d9c6f479e7186d5 [1ms]
2024-11-14 09:42:01.725 [info] > git config --get commit.template [6ms]
2024-11-14 09:42:01.725 [info] > git for-each-ref --format=%(refname)%00%(upstream:short)%00%(objectname)%00%(upstream:track)%00%(upstream:remotename)%00%(upstream:remoteref) refs/heads/experimental refs/remotes/experimental [1ms]
2024-11-14 09:42:01.736 [info] > git status -z -uall [5ms]
2024-11-14 09:42:01.737 [info] > git for-each-ref --sort -committerdate --format %(refname) %(objectname) %(*objectname) [1ms]
2024-11-14 09:42:02.850 [info] > git ls-files --stage -- /home/adilson/clone/git-test-repo/README.md [1ms]
2024-11-14 09:42:02.855 [info] > git cat-file -s 1f9cd90f14e6096b68255bdb3d9c6f479e7186d5 [1ms]
2024-11-14 09:42:02.862 [info] > git show --textconv :README.md [1ms]
2024-11-14 09:42:06.749 [info] > git config --get commit.template [5ms]
2024-11-14 09:42:06.750 [info] > git for-each-ref --format=%(refname)%00%(upstream:short)%00%(objectname)%00%(upstream:track)%00%(upstream:remotename)%00%(upstream:remoteref) refs/heads/experimental refs/remotes/experimental [1ms]
2024-11-14 09:42:06.760 [info] > git status -z -uall [5ms]
2024-11-14 09:42:06.761 [info] > git for-each-ref --sort -committerdate --format %(refname) %(objectname) %(*objectname) [1ms]
2024-11-14 09:42:11.774 [info] > git config --get commit.template [6ms]
2024-11-14 09:42:11.775 [info] > git for-each-ref --format=%(refname)%00%(upstream:short)%00%(objectname)%00%(upstream:track)%00%(upstream:remotename)%00%(upstream:remoteref) refs/heads/experimental refs/remotes/experimental [2ms]
2024-11-14 09:42:11.785 [info] > git status -z -uall [6ms]
2024-11-14 09:42:11.785 [info] > git for-each-ref --sort -committerdate --format %(refname) %(objectname) %(*objectname) [1ms]
2024-11-14 09:42:37.530 [info] > git config --get commit.template [5ms]
2024-11-14 09:42:37.531 [info] > git for-each-ref --format=%(refname)%00%(upstream:short)%00%(objectname)%00%(upstream:track)%00%(upstream:remotename)%00%(upstream:remoteref) refs/heads/experimental refs/remotes/experimental [1ms]
2024-11-14 09:42:37.541 [info] > git status -z -uall [6ms]
2024-11-14 09:42:37.541 [info] > git for-each-ref --sort -committerdate --format %(refname) %(objectname) %(*objectname) [1ms]
2024-11-14 09:42:37.626 [info] > git ls-files --stage -- /home/adilson/clone/git-test-repo/README.md [1ms]
2024-11-14 09:42:37.632 [info] > git cat-file -s 1f9cd90f14e6096b68255bdb3d9c6f479e7186d5 [1ms]
2024-11-14 09:42:37.638 [info] > git show --textconv :README.md [1ms]
2024-11-14 09:42:39.360 [info] > git config --get commit.template [5ms]
2024-11-14 09:42:39.361 [info] > git for-each-ref --format=%(refname)%00%(upstream:short)%00%(objectname)%00%(upstream:track)%00%(upstream:remotename)%00%(upstream:remoteref) refs/heads/experimental refs/remotes/experimental [1ms]
2024-11-14 09:42:39.373 [info] > git status -z -uall [5ms]
2024-11-14 09:42:39.373 [info] > git for-each-ref --sort -committerdate --format %(refname) %(objectname) %(*objectname) [1ms]
2024-11-14 09:42:40.513 [info] > git ls-files --stage -- /home/adilson/clone/git-test-repo/README.md [1ms]
2024-11-14 09:42:40.518 [info] > git cat-file -s 574c53445fde59ebdbe0349d65bef2d315038bc5 [1ms]
2024-11-14 09:42:40.525 [info] > git show --textconv :README.md [1ms]
2024-11-14 09:42:42.555 [info] > git config --get commit.template [6ms]
2024-11-14 09:42:42.556 [info] > git for-each-ref --format=%(refname)%00%(upstream:short)%00%(objectname)%00%(upstream:track)%00%(upstream:remotename)%00%(upstream:remoteref) refs/heads/experimental refs/remotes/experimental [2ms]
2024-11-14 09:42:42.565 [info] > git status -z -uall [5ms]
2024-11-14 09:42:42.566 [info] > git for-each-ref --sort -committerdate --format %(refname) %(objectname) %(*objectname) [1ms]
2024-11-14 09:42:43.189 [info] > git config --get commit.template [1ms]
2024-11-14 09:42:43.195 [info] > git for-each-ref --format=%(refname)%00%(upstream:short)%00%(objectname)%00%(upstream:track)%00%(upstream:remotename)%00%(upstream:remoteref) refs/heads/experimental refs/remotes/experimental [1ms]
2024-11-14 09:42:43.208 [info] > git status -z -uall [7ms]
2024-11-14 09:42:43.209 [info] > git for-each-ref --sort -committerdate --format %(refname) %(objectname) %(*objectname) [2ms]
2024-11-14 09:42:43.217 [info] > git merge-base refs/heads/experimental refs/remotes/origin/experimental [2ms]
2024-11-14 09:42:43.224 [info] > git diff --name-status -z --diff-filter=ADMR 32da6d4dee22c607edddb5324bcdcb9c396d6e74...refs/remotes/origin/experimental [1ms]
2024-11-14 09:42:44.345 [info] > git ls-files --stage -- /home/adilson/clone/git-test-repo/README.md [1ms]
2024-11-14 09:42:44.351 [info] > git cat-file -s 574c53445fde59ebdbe0349d65bef2d315038bc5 [1ms]
2024-11-14 09:42:44.361 [info] > git show --textconv :README.md [2ms]
2024-11-14 09:42:46.377 [info] > git config --get commit.template [4ms]
2024-11-14 09:42:46.377 [info] > git for-each-ref --format=%(refname)%00%(upstream:short)%00%(objectname)%00%(upstream:track)%00%(upstream:remotename)%00%(upstream:remoteref) refs/heads/main refs/remotes/main [1ms]
2024-11-14 09:42:46.388 [info] > git status -z -uall [6ms]
2024-11-14 09:42:46.389 [info] > git for-each-ref --sort -committerdate --format %(refname) %(objectname) %(*objectname) [2ms]
2024-11-14 09:42:46.396 [info] > git for-each-ref --format=%(refname)%00%(upstream:short)%00%(objectname)%00%(upstream:track)%00%(upstream:remotename)%00%(upstream:remoteref) refs/heads/main refs/remotes/main [1ms]
2024-11-14 09:42:46.403 [info] > git config --local branch.main.vscode-merge-base [1ms]
2024-11-14 09:42:46.403 [warning] [Git][config] git config failed: Failed to execute git
2024-11-14 09:42:46.409 [info] > git reflog main --grep-reflog=branch: Created from *. [1ms]
2024-11-14 09:42:46.414 [info] > git symbolic-ref --short refs/remotes/origin/HEAD [1ms]
2024-11-14 09:42:46.414 [info] fatal: ref refs/remotes/origin/HEAD is not a symbolic ref
2024-11-14 09:42:46.414 [warning] [Repository][getDefaultBranch] Failed to get default branch details: Failed to execute git.
2024-11-14 09:42:46.420 [info] > git merge-base refs/heads/main refs/remotes/origin/main [1ms]
2024-11-14 09:42:46.426 [info] > git diff --name-status -z --diff-filter=ADMR 972f1f1a532145db9a23e570f0405921b82a3da7...refs/remotes/origin/main [2ms]
2024-11-14 09:42:47.579 [info] > git config --get commit.template [5ms]
2024-11-14 09:42:47.579 [info] > git for-each-ref --format=%(refname)%00%(upstream:short)%00%(objectname)%00%(upstream:track)%00%(upstream:remotename)%00%(upstream:remoteref) refs/heads/main refs/remotes/main [1ms]
2024-11-14 09:42:47.589 [info] > git status -z -uall [5ms]
2024-11-14 09:42:47.590 [info] > git for-each-ref --sort -committerdate --format %(refname) %(objectname) %(*objectname) [1ms]
2024-11-14 09:42:48.304 [info] > git ls-files --stage -- /home/adilson/clone/git-test-repo/README.md [1ms]
2024-11-14 09:42:48.309 [info] > git cat-file -s 7575572baad2290654499ffd922489ee81882d8d [1ms]
2024-11-14 09:42:48.316 [info] > git show --textconv :README.md [1ms]
2024-11-14 09:42:52.602 [info] > git config --get commit.template [5ms]
2024-11-14 09:42:52.603 [info] > git for-each-ref --format=%(refname)%00%(upstream:short)%00%(objectname)%00%(upstream:track)%00%(upstream:remotename)%00%(upstream:remoteref) refs/heads/main refs/remotes/main [1ms]
2024-11-14 09:42:52.613 [info] > git status -z -uall [6ms]
2024-11-14 09:42:52.613 [info] > git for-each-ref --sort -committerdate --format %(refname) %(objectname) %(*objectname) [1ms]
2024-11-14 09:42:55.733 [info] > git config --get commit.template [6ms]
2024-11-14 09:42:55.733 [info] > git for-each-ref --format=%(refname)%00%(upstream:short)%00%(objectname)%00%(upstream:track)%00%(upstream:remotename)%00%(upstream:remoteref) refs/heads/main refs/remotes/main [1ms]
2024-11-14 09:42:55.744 [info] > git status -z -uall [5ms]
2024-11-14 09:42:55.745 [info] > git for-each-ref --sort -committerdate --format %(refname) %(objectname) %(*objectname) [2ms]
2024-11-14 09:43:00.040 [info] > git config --get commit.template [4ms]
2024-11-14 09:43:00.040 [info] > git for-each-ref --format=%(refname)%00%(upstream:short)%00%(objectname)%00%(upstream:track)%00%(upstream:remotename)%00%(upstream:remoteref) refs/heads/main refs/remotes/main [1ms]
2024-11-14 09:43:00.050 [info] > git status -z -uall [5ms]
2024-11-14 09:43:00.050 [info] > git for-each-ref --sort -committerdate --format %(refname) %(objectname) %(*objectname) [1ms]
2024-11-14 09:43:00.136 [info] > git ls-files --stage -- /home/adilson/clone/git-test-repo/README.md [1ms]
2024-11-14 09:43:00.142 [info] > git cat-file -s 7575572baad2290654499ffd922489ee81882d8d [1ms]
2024-11-14 09:43:00.148 [info] > git show --textconv :README.md [1ms]
2024-11-14 09:43:05.062 [info] > git config --get commit.template [5ms]
2024-11-14 09:43:05.062 [info] > git for-each-ref --format=%(refname)%00%(upstream:short)%00%(objectname)%00%(upstream:track)%00%(upstream:remotename)%00%(upstream:remoteref) refs/heads/main refs/remotes/main [1ms]
2024-11-14 09:43:05.071 [info] > git status -z -uall [5ms]
2024-11-14 09:43:05.072 [info] > git for-each-ref --sort -committerdate --format %(refname) %(objectname) %(*objectname) [1ms]
2024-11-14 09:43:11.149 [info] > git config --get commit.template [5ms]
2024-11-14 09:43:11.150 [info] > git for-each-ref --format=%(refname)%00%(upstream:short)%00%(objectname)%00%(upstream:track)%00%(upstream:remotename)%00%(upstream:remoteref) refs/heads/main refs/remotes/main [1ms]
2024-11-14 09:43:11.160 [info] > git status -z -uall [5ms]
2024-11-14 09:43:11.161 [info] > git for-each-ref --sort -committerdate --format %(refname) %(objectname) %(*objectname) [2ms]
2024-11-14 09:43:14.526 [info] > git config --get commit.template [5ms]
2024-11-14 09:43:14.527 [info] > git for-each-ref --format=%(refname)%00%(upstream:short)%00%(objectname)%00%(upstream:track)%00%(upstream:remotename)%00%(upstream:remoteref) refs/heads/main refs/remotes/main [1ms]
2024-11-14 09:43:14.538 [info] > git status -z -uall [6ms]
2024-11-14 09:43:14.538 [info] > git for-each-ref --sort -committerdate --format %(refname) %(objectname) %(*objectname) [1ms]
2024-11-14 09:43:15.611 [info] > git config --get commit.template [5ms]
2024-11-14 09:43:15.612 [info] > git for-each-ref --format=%(refname)%00%(upstream:short)%00%(objectname)%00%(upstream:track)%00%(upstream:remotename)%00%(upstream:remoteref) refs/heads/main refs/remotes/main [2ms]
2024-11-14 09:43:15.622 [info] > git status -z -uall [5ms]
2024-11-14 09:43:15.623 [info] > git for-each-ref --sort -committerdate --format %(refname) %(objectname) %(*objectname) [1ms]
2024-11-14 09:43:15.630 [info] > git merge-base refs/heads/main refs/remotes/origin/main [1ms]
2024-11-14 09:43:15.637 [info] > git diff --name-status -z --diff-filter=ADMR 972f1f1a532145db9a23e570f0405921b82a3da7...refs/remotes/origin/main [1ms]
2024-11-14 09:43:16.174 [info] > git config --get commit.template [5ms]
2024-11-14 09:43:16.175 [info] > git for-each-ref --format=%(refname)%00%(upstream:short)%00%(objectname)%00%(upstream:track)%00%(upstream:remotename)%00%(upstream:remoteref) refs/heads/main refs/remotes/main [2ms]
2024-11-14 09:43:16.184 [info] > git status -z -uall [5ms]
2024-11-14 09:43:16.185 [info] > git for-each-ref --sort -committerdate --format %(refname) %(objectname) %(*objectname) [1ms]
2024-11-14 09:43:16.760 [info] > git ls-files --stage -- /home/adilson/clone/git-test-repo/README.md [1ms]
2024-11-14 09:43:16.766 [info] > git cat-file -s 391823061f40e1b0353ee1f33ef38dc25d7ddc25 [1ms]
2024-11-14 09:43:16.774 [info] > git show --textconv :README.md [1ms]
2024-11-14 09:43:21.197 [info] > git config --get commit.template [5ms]
2024-11-14 09:43:21.198 [info] > git for-each-ref --format=%(refname)%00%(upstream:short)%00%(objectname)%00%(upstream:track)%00%(upstream:remotename)%00%(upstream:remoteref) refs/heads/main refs/remotes/main [2ms]
2024-11-14 09:43:21.208 [info] > git status -z -uall [5ms]
2024-11-14 09:43:21.209 [info] > git for-each-ref --sort -committerdate --format %(refname) %(objectname) %(*objectname) [2ms]
2024-11-14 09:43:24.110 [info] > git config --get commit.template [5ms]
2024-11-14 09:43:24.111 [info] > git for-each-ref --format=%(refname)%00%(upstream:short)%00%(objectname)%00%(upstream:track)%00%(upstream:remotename)%00%(upstream:remoteref) refs/heads/experimental refs/remotes/experimental [1ms]
2024-11-14 09:43:24.123 [info] > git status -z -uall [6ms]
2024-11-14 09:43:24.124 [info] > git for-each-ref --sort -committerdate --format %(refname) %(objectname) %(*objectname) [2ms]
2024-11-14 09:43:24.131 [info] > git for-each-ref --format=%(refname)%00%(upstream:short)%00%(objectname)%00%(upstream:track)%00%(upstream:remotename)%00%(upstream:remoteref) refs/heads/experimental refs/remotes/experimental [2ms]
2024-11-14 09:43:24.137 [info] > git config --local branch.experimental.vscode-merge-base [0ms]
2024-11-14 09:43:24.143 [info] > git for-each-ref --format=%(refname)%00%(upstream:short)%00%(objectname)%00%(upstream:track)%00%(upstream:remotename)%00%(upstream:remoteref) refs/heads/origin/main refs/remotes/origin/main [1ms]
2024-11-14 09:43:24.149 [info] > git merge-base refs/heads/experimental refs/remotes/origin/experimental [1ms]
2024-11-14 09:43:24.154 [info] > git diff --name-status -z --diff-filter=ADMR 32da6d4dee22c607edddb5324bcdcb9c396d6e74...refs/remotes/origin/experimental [1ms]
2024-11-14 09:43:26.552 [info] > git config --get commit.template [1ms]
2024-11-14 09:43:26.557 [info] > git for-each-ref --format=%(refname)%00%(upstream:short)%00%(objectname)%00%(upstream:track)%00%(upstream:remotename)%00%(upstream:remoteref) refs/heads/experimental refs/remotes/experimental [1ms]
2024-11-14 09:43:26.567 [info] > git status -z -uall [5ms]
2024-11-14 09:43:26.568 [info] > git for-each-ref --sort -committerdate --format %(refname) %(objectname) %(*objectname) [1ms]
2024-11-14 09:43:26.652 [info] > git ls-files --stage -- /home/adilson/clone/git-test-repo/README.md [1ms]
2024-11-14 09:43:26.657 [info] > git cat-file -s 574c53445fde59ebdbe0349d65bef2d315038bc5 [1ms]
2024-11-14 09:43:26.664 [info] > git show --textconv :README.md [1ms]
2024-11-14 09:43:31.577 [info] > git for-each-ref --format=%(refname)%00%(upstream:short)%00%(objectname)%00%(upstream:track)%00%(upstream:remotename)%00%(upstream:remoteref) refs/heads/experimental refs/remotes/experimental [2ms]
2024-11-14 09:43:31.587 [info] > git status -z -uall [6ms]
2024-11-14 09:43:31.587 [info] > git for-each-ref --sort -committerdate --format %(refname) %(objectname) %(*objectname) [1ms]
2024-11-14 09:43:32.266 [info] > git ls-files --stage -- /home/adilson/clone/git-test-repo/README.md [2ms]
2024-11-14 09:43:32.271 [info] > git cat-file -s 553583914bdb0b0c9184310dbb151bd9c32b4d95 [1ms]
2024-11-14 09:43:32.277 [info] > git show --textconv :README.md [1ms]
2024-11-14 09:43:34.944 [info] > git show -s --decorate=full --shortstat --format=%H%n%aN%n%aE%n%at%n%ct%n%P%n%D%n%B -z MERGE_HEAD [5ms]
2024-11-14 09:43:34.945 [info] > git show -s --decorate=full --shortstat --format=%H%n%aN%n%aE%n%at%n%ct%n%P%n%D%n%B -z HEAD [10ms]
2024-11-14 09:43:34.945 [info] > git diff --name-status -z --diff-filter=ADMR MERGE_HEAD...HEAD [1ms]
2024-11-14 09:43:35.011 [info] > git show --textconv :1:README.md [38ms]
2024-11-14 09:43:35.011 [info] > git show --textconv 27be9036035cf6c1e6dfd1867d4b28558894fe25:README.md [29ms]
2024-11-14 09:43:35.011 [info] > git show --textconv c4496cd0823124c0698c9aacc55f76fd85ff1a00:README.md [23ms]
2024-11-14 09:43:35.012 [info] > git ls-tree -l 27be9036035cf6c1e6dfd1867d4b28558894fe25 -- /home/adilson/clone/git-test-repo/README.md [6ms]
2024-11-14 09:43:35.012 [info] > git ls-tree -l :1 -- /home/adilson/clone/git-test-repo/README.md [17ms]
2024-11-14 09:43:35.012 [info] fatal: Not a valid object name :1
2024-11-14 09:43:35.013 [info] > git ls-tree -l c4496cd0823124c0698c9aacc55f76fd85ff1a00 -- /home/adilson/clone/git-test-repo/README.md [3ms]
2024-11-14 09:43:36.598 [info] > git for-each-ref --format=%(refname)%00%(upstream:short)%00%(objectname)%00%(upstream:track)%00%(upstream:remotename)%00%(upstream:remoteref) refs/heads/experimental refs/remotes/experimental [1ms]
2024-11-14 09:43:36.609 [info] > git status -z -uall [5ms]
2024-11-14 09:43:36.610 [info] > git for-each-ref --sort -committerdate --format %(refname) %(objectname) %(*objectname) [1ms]
2024-11-14 09:43:41.619 [info] > git for-each-ref --format=%(refname)%00%(upstream:short)%00%(objectname)%00%(upstream:track)%00%(upstream:remotename)%00%(upstream:remoteref) refs/heads/experimental refs/remotes/experimental [2ms]
2024-11-14 09:43:41.628 [info] > git status -z -uall [5ms]
2024-11-14 09:43:41.628 [info] > git for-each-ref --sort -committerdate --format %(refname) %(objectname) %(*objectname) [1ms]
2024-11-14 09:43:57.387 [info] > git for-each-ref --format=%(refname)%00%(upstream:short)%00%(objectname)%00%(upstream:track)%00%(upstream:remotename)%00%(upstream:remoteref) refs/heads/experimental refs/remotes/experimental [1ms]
2024-11-14 09:43:57.396 [info] > git status -z -uall [5ms]
2024-11-14 09:43:57.397 [info] > git for-each-ref --sort -committerdate --format %(refname) %(objectname) %(*objectname) [1ms]
2024-11-14 09:44:03.895 [info] > git for-each-ref --format=%(refname)%00%(upstream:short)%00%(objectname)%00%(upstream:track)%00%(upstream:remotename)%00%(upstream:remoteref) refs/heads/experimental refs/remotes/experimental [1ms]
2024-11-14 09:44:03.905 [info] > git status -z -uall [5ms]
2024-11-14 09:44:03.906 [info] > git for-each-ref --sort -committerdate --format %(refname) %(objectname) %(*objectname) [1ms]
2024-11-14 09:44:14.009 [info] > git ls-tree -l 27be9036035cf6c1e6dfd1867d4b28558894fe25 -- /home/adilson/clone/git-test-repo/README.md [5ms]
2024-11-14 09:44:14.010 [info] > git ls-tree -l c4496cd0823124c0698c9aacc55f76fd85ff1a00 -- /home/adilson/clone/git-test-repo/README.md [1ms]
2024-11-14 09:44:15.088 [info] > git ls-tree -l 27be9036035cf6c1e6dfd1867d4b28558894fe25 -- /home/adilson/clone/git-test-repo/README.md [6ms]
2024-11-14 09:44:15.090 [info] > git ls-tree -l c4496cd0823124c0698c9aacc55f76fd85ff1a00 -- /home/adilson/clone/git-test-repo/README.md [2ms]
2024-11-14 09:46:07.841 [info] > git config --get commit.template [5ms]
2024-11-14 09:46:07.841 [info] > git for-each-ref --format=%(refname)%00%(upstream:short)%00%(objectname)%00%(upstream:track)%00%(upstream:remotename)%00%(upstream:remoteref) refs/heads/experimental refs/remotes/experimental [1ms]
2024-11-14 09:46:07.852 [info] > git status -z -uall [6ms]
2024-11-14 09:46:07.853 [info] > git for-each-ref --sort -committerdate --format %(refname) %(objectname) %(*objectname) [2ms]
2024-11-14 09:46:08.167 [info] > git show --textconv :README.md [6ms]
2024-11-14 09:46:08.167 [info] > git ls-files --stage -- /home/adilson/clone/git-test-repo/README.md [1ms]
2024-11-14 09:46:08.173 [info] > git cat-file -s 574c53445fde59ebdbe0349d65bef2d315038bc5 [1ms]
2024-11-14 09:46:08.881 [info] > git config --get commit.template [7ms]
2024-11-14 09:46:08.882 [info] > git for-each-ref --format=%(refname)%00%(upstream:short)%00%(objectname)%00%(upstream:track)%00%(upstream:remotename)%00%(upstream:remoteref) refs/heads/experimental refs/remotes/experimental [2ms]
2024-11-14 09:46:08.893 [info] > git status -z -uall [6ms]
2024-11-14 09:46:08.894 [info] > git for-each-ref --sort -committerdate --format %(refname) %(objectname) %(*objectname) [2ms]
2024-11-14 09:46:08.975 [info] > git ls-files --stage -- /home/adilson/clone/git-test-repo/README.md [1ms]
2024-11-14 09:46:08.980 [info] > git cat-file -s 574c53445fde59ebdbe0349d65bef2d315038bc5 [1ms]
2024-11-14 09:46:08.987 [info] > git show --textconv :README.md [2ms]
2024-11-14 09:46:12.210 [info] > git config --get commit.template [5ms]
2024-11-14 09:46:12.211 [info] > git for-each-ref --format=%(refname)%00%(upstream:short)%00%(objectname)%00%(upstream:track)%00%(upstream:remotename)%00%(upstream:remoteref) refs/heads/main refs/remotes/main [1ms]
2024-11-14 09:46:12.222 [info] > git status -z -uall [6ms]
2024-11-14 09:46:12.223 [info] > git for-each-ref --sort -committerdate --format %(refname) %(objectname) %(*objectname) [1ms]
2024-11-14 09:46:12.231 [info] > git for-each-ref --format=%(refname)%00%(upstream:short)%00%(objectname)%00%(upstream:track)%00%(upstream:remotename)%00%(upstream:remoteref) refs/heads/main refs/remotes/main [2ms]
2024-11-14 09:46:12.237 [info] > git config --local branch.main.vscode-merge-base [1ms]
2024-11-14 09:46:12.237 [warning] [Git][config] git config failed: Failed to execute git
2024-11-14 09:46:12.243 [info] > git reflog main --grep-reflog=branch: Created from *. [1ms]
2024-11-14 09:46:12.248 [info] > git symbolic-ref --short refs/remotes/origin/HEAD [1ms]
2024-11-14 09:46:12.248 [info] fatal: ref refs/remotes/origin/HEAD is not a symbolic ref
2024-11-14 09:46:12.248 [warning] [Repository][getDefaultBranch] Failed to get default branch details: Failed to execute git.
2024-11-14 09:46:12.257 [info] > git merge-base refs/heads/main refs/remotes/origin/main [2ms]
2024-11-14 09:46:12.267 [info] > git diff --name-status -z --diff-filter=ADMR 972f1f1a532145db9a23e570f0405921b82a3da7...refs/remotes/origin/main [1ms]
2024-11-14 09:46:13.908 [info] > git config --get commit.template [5ms]
2024-11-14 09:46:13.908 [info] > git for-each-ref --format=%(refname)%00%(upstream:short)%00%(objectname)%00%(upstream:track)%00%(upstream:remotename)%00%(upstream:remoteref) refs/heads/main refs/remotes/main [1ms]
2024-11-14 09:46:13.918 [info] > git status -z -uall [5ms]
2024-11-14 09:46:13.919 [info] > git for-each-ref --sort -committerdate --format %(refname) %(objectname) %(*objectname) [2ms]
2024-11-14 09:46:14.252 [info] > git ls-files --stage -- /home/adilson/clone/git-test-repo/README.md [1ms]
2024-11-14 09:46:14.258 [info] > git cat-file -s 391823061f40e1b0353ee1f33ef38dc25d7ddc25 [1ms]
2024-11-14 09:46:14.264 [info] > git show --textconv :README.md [1ms]
2024-11-14 09:46:18.934 [info] > git config --get commit.template [5ms]
2024-11-14 09:46:18.935 [info] > git for-each-ref --format=%(refname)%00%(upstream:short)%00%(objectname)%00%(upstream:track)%00%(upstream:remotename)%00%(upstream:remoteref) refs/heads/main refs/remotes/main [1ms]
2024-11-14 09:46:18.952 [info] > git status -z -uall [5ms]
2024-11-14 09:46:18.953 [info] > git for-each-ref --sort -committerdate --format %(refname) %(objectname) %(*objectname) [1ms]
2024-11-14 09:46:19.616 [info] > git config --get commit.template [6ms]
2024-11-14 09:46:19.617 [info] > git for-each-ref --format=%(refname)%00%(upstream:short)%00%(objectname)%00%(upstream:track)%00%(upstream:remotename)%00%(upstream:remoteref) refs/heads/experimental refs/remotes/experimental [2ms]
2024-11-14 09:46:19.628 [info] > git status -z -uall [5ms]
2024-11-14 09:46:19.629 [info] > git for-each-ref --sort -committerdate --format %(refname) %(objectname) %(*objectname) [1ms]
2024-11-14 09:46:19.638 [info] > git for-each-ref --format=%(refname)%00%(upstream:short)%00%(objectname)%00%(upstream:track)%00%(upstream:remotename)%00%(upstream:remoteref) refs/heads/experimental refs/remotes/experimental [1ms]
2024-11-14 09:46:19.644 [info] > git config --local branch.experimental.vscode-merge-base [0ms]
2024-11-14 09:46:19.650 [info] > git for-each-ref --format=%(refname)%00%(upstream:short)%00%(objectname)%00%(upstream:track)%00%(upstream:remotename)%00%(upstream:remoteref) refs/heads/origin/main refs/remotes/origin/main [1ms]
2024-11-14 09:46:19.655 [info] > git merge-base refs/heads/experimental refs/remotes/origin/experimental [1ms]
2024-11-14 09:46:19.661 [info] > git diff --name-status -z --diff-filter=ADMR 32da6d4dee22c607edddb5324bcdcb9c396d6e74...refs/remotes/origin/experimental [1ms]
2024-11-14 09:46:20.773 [info] > git ls-files --stage -- /home/adilson/clone/git-test-repo/README.md [1ms]
2024-11-14 09:46:20.780 [info] > git cat-file -s 574c53445fde59ebdbe0349d65bef2d315038bc5 [1ms]
2024-11-14 09:46:20.788 [info] > git show --textconv :README.md [1ms]
2024-11-14 09:46:23.968 [info] > git config --get commit.template [6ms]
2024-11-14 09:46:23.968 [info] > git for-each-ref --format=%(refname)%00%(upstream:short)%00%(objectname)%00%(upstream:track)%00%(upstream:remotename)%00%(upstream:remoteref) refs/heads/experimental refs/remotes/experimental [1ms]
2024-11-14 09:46:23.978 [info] > git status -z -uall [5ms]
2024-11-14 09:46:23.978 [info] > git for-each-ref --sort -committerdate --format %(refname) %(objectname) %(*objectname) [1ms]
2024-11-14 09:46:25.522 [info] > git ls-files --stage -- /home/adilson/clone/git-test-repo/README.md [1ms]
2024-11-14 09:46:25.527 [info] > git cat-file -s 574c53445fde59ebdbe0349d65bef2d315038bc5 [1ms]
2024-11-14 09:46:25.534 [info] > git show --textconv :README.md [1ms]
2024-11-14 09:46:28.995 [info] > git config --get commit.template [5ms]
2024-11-14 09:46:28.995 [info] > git for-each-ref --format=%(refname)%00%(upstream:short)%00%(objectname)%00%(upstream:track)%00%(upstream:remotename)%00%(upstream:remoteref) refs/heads/experimental refs/remotes/experimental [1ms]
2024-11-14 09:46:29.005 [info] > git status -z -uall [5ms]
2024-11-14 09:46:29.006 [info] > git for-each-ref --sort -committerdate --format %(refname) %(objectname) %(*objectname) [1ms]
2024-11-14 09:46:39.203 [info] > git config --get commit.template [6ms]
2024-11-14 09:46:39.203 [info] > git for-each-ref --format=%(refname)%00%(upstream:short)%00%(objectname)%00%(upstream:track)%00%(upstream:remotename)%00%(upstream:remoteref) refs/heads/main refs/remotes/main [1ms]
2024-11-14 09:46:39.213 [info] > git status -z -uall [5ms]
2024-11-14 09:46:39.214 [info] > git for-each-ref --sort -committerdate --format %(refname) %(objectname) %(*objectname) [1ms]
2024-11-14 09:46:39.223 [info] > git for-each-ref --format=%(refname)%00%(upstream:short)%00%(objectname)%00%(upstream:track)%00%(upstream:remotename)%00%(upstream:remoteref) refs/heads/main refs/remotes/main [2ms]
2024-11-14 09:46:39.228 [info] > git config --local branch.main.vscode-merge-base [1ms]
2024-11-14 09:46:39.228 [warning] [Git][config] git config failed: Failed to execute git
2024-11-14 09:46:39.234 [info] > git reflog main --grep-reflog=branch: Created from *. [1ms]
2024-11-14 09:46:39.239 [info] > git symbolic-ref --short refs/remotes/origin/HEAD [1ms]
2024-11-14 09:46:39.239 [info] fatal: ref refs/remotes/origin/HEAD is not a symbolic ref
2024-11-14 09:46:39.239 [warning] [Repository][getDefaultBranch] Failed to get default branch details: Failed to execute git.
2024-11-14 09:46:39.245 [info] > git merge-base refs/heads/main refs/remotes/origin/main [1ms]
2024-11-14 09:46:39.251 [info] > git diff --name-status -z --diff-filter=ADMR 972f1f1a532145db9a23e570f0405921b82a3da7...refs/remotes/origin/main [2ms]
2024-11-14 09:46:41.021 [info] > git config --get commit.template [1ms]
2024-11-14 09:46:41.027 [info] > git for-each-ref --format=%(refname)%00%(upstream:short)%00%(objectname)%00%(upstream:track)%00%(upstream:remotename)%00%(upstream:remoteref) refs/heads/main refs/remotes/main [1ms]
2024-11-14 09:46:41.037 [info] > git status -z -uall [5ms]
2024-11-14 09:46:41.038 [info] > git for-each-ref --sort -committerdate --format %(refname) %(objectname) %(*objectname) [1ms]
2024-11-14 09:46:41.122 [info] > git ls-files --stage -- /home/adilson/clone/git-test-repo/README.md [1ms]
2024-11-14 09:46:41.127 [info] > git cat-file -s 391823061f40e1b0353ee1f33ef38dc25d7ddc25 [1ms]
2024-11-14 09:46:41.133 [info] > git show --textconv :README.md [1ms]
2024-11-14 09:46:44.461 [info] > git show --textconv :README.md [5ms]
2024-11-14 09:46:44.462 [info] > git ls-files --stage -- /home/adilson/clone/git-test-repo/README.md [2ms]
2024-11-14 09:46:44.467 [info] > git cat-file -s 391823061f40e1b0353ee1f33ef38dc25d7ddc25 [1ms]
2024-11-14 09:46:46.052 [info] > git config --get commit.template [7ms]
2024-11-14 09:46:46.053 [info] > git for-each-ref --format=%(refname)%00%(upstream:short)%00%(objectname)%00%(upstream:track)%00%(upstream:remotename)%00%(upstream:remoteref) refs/heads/main refs/remotes/main [2ms]
2024-11-14 09:46:46.063 [info] > git status -z -uall [6ms]
2024-11-14 09:46:46.063 [info] > git for-each-ref --sort -committerdate --format %(refname) %(objectname) %(*objectname) [1ms]
2024-11-14 09:46:47.051 [info] > git ls-files --stage -- /home/adilson/clone/git-test-repo/README.md [1ms]
2024-11-14 09:46:47.056 [info] > git cat-file -s 391823061f40e1b0353ee1f33ef38dc25d7ddc25 [1ms]
2024-11-14 09:46:47.063 [info] > git show --textconv :README.md [1ms]
2024-11-14 09:46:51.078 [info] > git config --get commit.template [5ms]
2024-11-14 09:46:51.078 [info] > git for-each-ref --format=%(refname)%00%(upstream:short)%00%(objectname)%00%(upstream:track)%00%(upstream:remotename)%00%(upstream:remoteref) refs/heads/main refs/remotes/main [1ms]
2024-11-14 09:46:51.089 [info] > git status -z -uall [6ms]
2024-11-14 09:46:51.090 [info] > git for-each-ref --sort -committerdate --format %(refname) %(objectname) %(*objectname) [2ms]
2024-11-14 09:46:52.273 [info] > git config --get commit.template [6ms]
2024-11-14 09:46:52.274 [info] > git for-each-ref --format=%(refname)%00%(upstream:short)%00%(objectname)%00%(upstream:track)%00%(upstream:remotename)%00%(upstream:remoteref) refs/heads/experimental refs/remotes/experimental [1ms]
2024-11-14 09:46:52.285 [info] > git status -z -uall [7ms]
2024-11-14 09:46:52.286 [info] > git for-each-ref --sort -committerdate --format %(refname) %(objectname) %(*objectname) [2ms]
2024-11-14 09:46:52.293 [info] > git for-each-ref --format=%(refname)%00%(upstream:short)%00%(objectname)%00%(upstream:track)%00%(upstream:remotename)%00%(upstream:remoteref) refs/heads/experimental refs/remotes/experimental [2ms]
2024-11-14 09:46:52.298 [info] > git config --local branch.experimental.vscode-merge-base [1ms]
2024-11-14 09:46:52.305 [info] > git for-each-ref --format=%(refname)%00%(upstream:short)%00%(objectname)%00%(upstream:track)%00%(upstream:remotename)%00%(upstream:remoteref) refs/heads/origin/main refs/remotes/origin/main [1ms]
2024-11-14 09:46:52.312 [info] > git merge-base refs/heads/experimental refs/remotes/origin/experimental [2ms]
2024-11-14 09:46:52.317 [info] > git diff --name-status -z --diff-filter=ADMR 32da6d4dee22c607edddb5324bcdcb9c396d6e74...refs/remotes/origin/experimental [1ms]
2024-11-14 09:46:53.425 [info] > git ls-files --stage -- /home/adilson/clone/git-test-repo/README.md [1ms]
2024-11-14 09:46:53.431 [info] > git cat-file -s 574c53445fde59ebdbe0349d65bef2d315038bc5 [1ms]
2024-11-14 09:46:53.437 [info] > git show --textconv :README.md [1ms]
2024-11-14 09:46:56.102 [info] > git config --get commit.template [5ms]
2024-11-14 09:46:56.103 [info] > git for-each-ref --format=%(refname)%00%(upstream:short)%00%(objectname)%00%(upstream:track)%00%(upstream:remotename)%00%(upstream:remoteref) refs/heads/experimental refs/remotes/experimental [1ms]
2024-11-14 09:46:56.113 [info] > git status -z -uall [5ms]
2024-11-14 09:46:56.113 [info] > git for-each-ref --sort -committerdate --format %(refname) %(objectname) %(*objectname) [1ms]
2024-11-14 09:47:04.630 [info] > git config --get commit.template [5ms]
2024-11-14 09:47:04.631 [info] > git for-each-ref --format=%(refname)%00%(upstream:short)%00%(objectname)%00%(upstream:track)%00%(upstream:remotename)%00%(upstream:remoteref) refs/heads/experimental refs/remotes/experimental [1ms]
2024-11-14 09:47:04.644 [info] > git status -z -uall [6ms]
2024-11-14 09:47:04.644 [info] > git for-each-ref --sort -committerdate --format %(refname) %(objectname) %(*objectname) [1ms]
