2024-11-14 09:36:27.886 [info] Added views:outline in workbench.view.explorer
2024-11-14 09:36:27.886 [info] Added views:workbench.view.search in workbench.view.search
2024-11-14 09:36:27.886 [info] Added views:workbench.scm in workbench.view.scm
2024-11-14 09:36:27.886 [info] Added views:workbench.panel.markers.view in workbench.panel.markers
2024-11-14 09:36:27.886 [info] Added views:workbench.panel.output in workbench.panel.output
2024-11-14 09:36:27.886 [info] Added views:terminal in terminal
2024-11-14 09:36:27.886 [info] Added views:timeline in workbench.view.explorer
2024-11-14 09:36:27.886 [info] Added views:workbench.explorer.emptyView in workbench.view.explorer
2024-11-14 09:36:28.316 [info] Added views:workbench.debug.welcome in workbench.view.debug
2024-11-14 09:36:28.334 [info] Added views:workbench.panel.repl.view in workbench.panel.repl
2024-11-14 09:36:29.914 [info] Added views:~remote.forwardedPorts in ~remote.forwardedPortsContainer
2024-11-14 09:36:47.254 [info] Added views:workbench.views.extensions.installed,workbench.views.extensions.popular,extensions.recommendedList in workbench.view.extensions
2024-11-14 09:36:47.255 [info] Removed views:workbench.views.extensions.popular from workbench.view.extensions
2024-11-14 09:36:56.608 [info] Removed views:extensions.recommendedList,workbench.views.extensions.installed from workbench.view.extensions
2024-11-14 09:36:56.612 [info] Added views:workbench.views.extensions.marketplace in workbench.view.extensions
2024-11-14 09:38:41.956 [info] Removed views:workbench.views.extensions.marketplace from workbench.view.extensions
2024-11-14 09:38:41.970 [info] Added views:workbench.views.extensions.installed,extensions.recommendedList in workbench.view.extensions
2024-11-14 09:38:58.412 [info] Added views:outline in workbench.view.explorer
2024-11-14 09:38:58.412 [info] Added views:workbench.view.search in workbench.view.search
2024-11-14 09:38:58.412 [info] Added views:workbench.scm in workbench.view.scm
2024-11-14 09:38:58.412 [info] Added views:workbench.panel.markers.view in workbench.panel.markers
2024-11-14 09:38:58.412 [info] Added views:workbench.panel.output in workbench.panel.output
2024-11-14 09:38:58.412 [info] Added views:terminal in terminal
2024-11-14 09:38:58.412 [info] Added views:timeline in workbench.view.explorer
2024-11-14 09:38:58.412 [info] Added views:workbench.explorer.fileView in workbench.view.explorer
2024-11-14 09:38:58.671 [info] Added views:workbench.debug.variablesView,workbench.debug.watchExpressionsView,workbench.debug.callStackView,workbench.debug.breakPointsView in workbench.view.debug
2024-11-14 09:38:58.861 [info] Added views:~remote.forwardedPorts in ~remote.forwardedPortsContainer
2024-11-14 09:38:58.898 [info] Added views:workbench.panel.repl.view in workbench.panel.repl
2024-11-14 09:38:58.899 [info] Removed views:workbench.debug.breakPointsView,workbench.debug.callStackView,workbench.debug.watchExpressionsView,workbench.debug.variablesView from workbench.view.debug
2024-11-14 09:38:58.899 [info] Added views:workbench.debug.welcome in workbench.view.debug
2024-11-14 09:39:00.510 [info] Added views:workbench.scm.history in workbench.view.scm
2024-11-14 09:39:11.980 [info] Removed views:workbench.scm.history from workbench.view.scm
2024-11-14 09:39:12.234 [info] Removed views:workbench.panel.repl.view from workbench.panel.repl
2024-11-14 09:39:12.453 [info] Added views:workbench.panel.repl.view in workbench.panel.repl
2024-11-14 09:39:13.229 [info] Added views:workbench.scm.history in workbench.view.scm
