2024-11-26 21:01:55.302 [info] [main] Log level: Info
2024-11-26 21:01:55.302 [info] [main] Validating found git in: "git"
2024-11-26 21:01:55.302 [info] [main] Using git "2.47.0" from "git"
2024-11-26 21:01:55.302 [info] [Model][doInitialScan] Initial repository scan started
2024-11-26 21:01:55.302 [info] > git rev-parse --show-toplevel [47ms]
2024-11-26 21:01:55.302 [info] fatal: not a git repository (or any of the parent directories): .git
2024-11-26 21:01:55.302 [info] > git rev-parse --show-toplevel [6ms]
2024-11-26 21:01:55.302 [info] fatal: not a git repository (or any of the parent directories): .git
2024-11-26 21:01:55.302 [info] > git rev-parse --show-toplevel [3ms]
2024-11-26 21:01:55.302 [info] fatal: not a git repository (or any of the parent directories): .git
2024-11-26 21:01:55.302 [info] [Model][doInitialScan] Initial repository scan completed - repositories (0), closed repositories (0), parent repositories (0), unsafe repositories (0)
2024-11-26 21:02:05.613 [info] > git rev-parse --show-toplevel [1ms]
2024-11-26 21:02:05.613 [info] fatal: not a git repository (or any of the parent directories): .git
2024-11-26 21:02:06.199 [info] > git rev-parse --show-toplevel [4ms]
2024-11-26 21:02:06.199 [info] fatal: not a git repository (or any of the parent directories): .git
2024-11-26 21:02:08.286 [info] > git rev-parse --show-toplevel [3ms]
2024-11-26 21:02:08.286 [info] fatal: not a git repository (or any of the parent directories): .git
2024-11-26 21:02:15.036 [info] > git rev-parse --show-toplevel [2ms]
2024-11-26 21:02:15.036 [info] fatal: not a git repository (or any of the parent directories): .git
2024-11-26 21:02:17.824 [info] > git rev-parse --show-toplevel [1ms]
2024-11-26 21:02:17.824 [info] fatal: not a git repository (or any of the parent directories): .git
2024-11-26 21:02:58.092 [info] > git rev-parse --show-toplevel [1ms]
2024-11-26 21:02:58.092 [info] fatal: not a git repository (or any of the parent directories): .git
2024-11-26 21:03:06.297 [info] > git rev-parse --show-toplevel [1ms]
2024-11-26 21:03:06.297 [info] fatal: not a git repository (or any of the parent directories): .git
2024-11-26 21:03:07.272 [info] > git rev-parse --show-toplevel [2ms]
2024-11-26 21:03:07.272 [info] fatal: not a git repository (or any of the parent directories): .git
2024-11-26 21:03:09.488 [info] > git rev-parse --show-toplevel [2ms]
2024-11-26 21:03:09.488 [info] fatal: not a git repository (or any of the parent directories): .git
2024-11-26 21:03:09.957 [info] > git rev-parse --show-toplevel [1ms]
2024-11-26 21:03:09.957 [info] fatal: not a git repository (or any of the parent directories): .git
2024-11-26 21:03:10.593 [info] > git rev-parse --show-toplevel [2ms]
2024-11-26 21:03:10.593 [info] fatal: not a git repository (or any of the parent directories): .git
2024-11-26 21:03:11.473 [info] > git rev-parse --show-toplevel [1ms]
2024-11-26 21:03:11.473 [info] fatal: not a git repository (or any of the parent directories): .git
2024-11-26 21:03:11.865 [info] > git rev-parse --show-toplevel [2ms]
2024-11-26 21:03:11.865 [info] fatal: not a git repository (or any of the parent directories): .git
2024-11-26 21:03:37.841 [info] > git rev-parse --show-toplevel [2ms]
2024-11-26 21:03:37.841 [info] fatal: not a git repository (or any of the parent directories): .git
2024-11-26 21:04:13.346 [info] > git rev-parse --show-toplevel [2ms]
2024-11-26 21:04:13.346 [info] fatal: not a git repository (or any of the parent directories): .git
2024-11-26 21:04:53.896 [info] > git rev-parse --show-toplevel [1ms]
2024-11-26 21:04:53.896 [info] fatal: not a git repository (or any of the parent directories): .git
2024-11-26 21:05:12.956 [info] > git rev-parse --show-toplevel [1ms]
2024-11-26 21:05:12.956 [info] fatal: not a git repository (or any of the parent directories): .git
2024-11-26 21:05:14.453 [info] > git rev-parse --show-toplevel [1ms]
2024-11-26 21:05:14.453 [info] fatal: not a git repository (or any of the parent directories): .git
2024-11-26 21:06:38.028 [info] > git rev-parse --show-toplevel [1ms]
2024-11-26 21:06:38.028 [info] fatal: not a git repository (or any of the parent directories): .git
2024-11-26 21:06:40.251 [info] > git rev-parse --show-toplevel [1ms]
2024-11-26 21:06:40.251 [info] fatal: not a git repository (or any of the parent directories): .git
2024-11-26 21:09:19.951 [info] > git rev-parse --show-toplevel [1ms]
2024-11-26 21:09:19.952 [info] fatal: not a git repository (or any of the parent directories): .git
2024-11-26 21:10:02.624 [info] > git rev-parse --show-toplevel [1ms]
2024-11-26 21:10:02.624 [info] fatal: not a git repository (or any of the parent directories): .git
2024-11-26 21:10:29.602 [info] > git rev-parse --show-toplevel [2ms]
2024-11-26 21:10:29.602 [info] fatal: not a git repository (or any of the parent directories): .git
2024-11-26 21:12:23.059 [info] > git rev-parse --show-toplevel [1ms]
2024-11-26 21:12:23.059 [info] fatal: not a git repository (or any of the parent directories): .git
2024-11-26 21:12:40.243 [info] > git rev-parse --show-toplevel [2ms]
2024-11-26 21:12:40.243 [info] fatal: not a git repository (or any of the parent directories): .git
2024-11-26 21:15:05.359 [info] > git rev-parse --show-toplevel [2ms]
2024-11-26 21:15:05.359 [info] fatal: not a git repository (or any of the parent directories): .git
2024-11-26 21:15:45.703 [info] > git rev-parse --show-toplevel [2ms]
2024-11-26 21:15:45.703 [info] fatal: not a git repository (or any of the parent directories): .git
2024-11-26 21:17:20.940 [info] > git rev-parse --show-toplevel [2ms]
2024-11-26 21:17:20.940 [info] fatal: not a git repository (or any of the parent directories): .git
2024-11-26 21:17:29.142 [info] > git rev-parse --show-toplevel [2ms]
2024-11-26 21:17:29.142 [info] fatal: not a git repository (or any of the parent directories): .git
2024-11-26 21:17:43.828 [info] > git rev-parse --show-toplevel [1ms]
2024-11-26 21:17:43.828 [info] fatal: not a git repository (or any of the parent directories): .git
2024-11-26 21:18:55.158 [info] > git rev-parse --show-toplevel [2ms]
2024-11-26 21:18:55.158 [info] fatal: not a git repository (or any of the parent directories): .git
2024-11-26 21:19:01.478 [info] > git rev-parse --show-toplevel [2ms]
2024-11-26 21:19:01.478 [info] fatal: not a git repository (or any of the parent directories): .git
2024-11-26 21:19:34.231 [info] > git rev-parse --show-toplevel [2ms]
2024-11-26 21:19:34.231 [info] fatal: not a git repository (or any of the parent directories): .git
2024-11-26 21:19:35.501 [info] > git rev-parse --show-toplevel [2ms]
2024-11-26 21:19:35.501 [info] fatal: not a git repository (or any of the parent directories): .git
2024-11-26 21:20:57.721 [info] > git rev-parse --show-toplevel [2ms]
2024-11-26 21:20:57.721 [info] fatal: not a git repository (or any of the parent directories): .git
2024-11-26 21:20:59.105 [info] > git rev-parse --show-toplevel [1ms]
2024-11-26 21:20:59.105 [info] fatal: not a git repository (or any of the parent directories): .git
2024-11-26 21:21:11.603 [info] > git rev-parse --show-toplevel [2ms]
2024-11-26 21:21:11.603 [info] fatal: not a git repository (or any of the parent directories): .git
2024-11-26 21:21:42.937 [info] > git rev-parse --show-toplevel [1ms]
2024-11-26 21:21:42.937 [info] fatal: not a git repository (or any of the parent directories): .git
2024-11-26 21:27:40.631 [info] > git rev-parse --show-toplevel [2ms]
2024-11-26 21:27:40.631 [info] fatal: not a git repository (or any of the parent directories): .git
2024-11-26 21:43:42.010 [info] > git rev-parse --show-toplevel [2ms]
2024-11-26 21:43:42.010 [info] fatal: not a git repository (or any of the parent directories): .git
2024-11-26 21:43:43.639 [info] > git rev-parse --show-toplevel [2ms]
2024-11-26 21:43:43.639 [info] fatal: not a git repository (or any of the parent directories): .git
2024-11-26 21:43:45.200 [info] > git rev-parse --show-toplevel [1ms]
2024-11-26 21:43:45.200 [info] fatal: not a git repository (or any of the parent directories): .git
2024-11-26 21:43:46.079 [info] > git rev-parse --show-toplevel [2ms]
2024-11-26 21:43:46.079 [info] fatal: not a git repository (or any of the parent directories): .git
