2024-11-22 21:08:38.079 [info] [main] Log level: Info
2024-11-22 21:08:38.079 [info] [main] Validating found git in: "git"
2024-11-22 21:08:38.079 [info] [main] Using git "2.47.0" from "git"
2024-11-22 21:08:38.079 [info] [Model][doInitialScan] Initial repository scan started
2024-11-22 21:08:38.079 [info] > git rev-parse --show-toplevel [8ms]
2024-11-22 21:08:38.079 [info] > git rev-parse --git-dir --git-common-dir [3ms]
2024-11-22 21:08:38.079 [info] [Model][openRepository] Opened repository: /home/adilson/clone/pr
2024-11-22 21:08:38.097 [info] > git config --get commit.template [13ms]
2024-11-22 21:08:38.101 [info] > git rev-parse --show-toplevel [10ms]
2024-11-22 21:08:38.153 [info] > git rev-parse --show-toplevel [28ms]
2024-11-22 21:08:38.153 [info] > git for-each-ref --format=%(refname)%00%(upstream:short)%00%(objectname)%00%(upstream:track)%00%(upstream:remotename)%00%(upstream:remoteref) refs/heads/germano refs/remotes/germano [33ms]
2024-11-22 21:08:38.165 [warning] [Git][revParse] Unable to read file: ENOENT: no such file or directory, open '/home/adilson/clone/pr/.git/refs/remotes/origin/germano'
2024-11-22 21:08:38.170 [info] > git rev-parse refs/remotes/origin/germano [5ms]
2024-11-22 21:08:38.184 [info] > git rev-parse --show-toplevel [23ms]
2024-11-22 21:08:38.192 [info] > git status -z -uall [15ms]
2024-11-22 21:08:38.192 [info] > git for-each-ref --sort -committerdate --format %(refname) %(objectname) %(*objectname) [8ms]
2024-11-22 21:08:38.209 [info] > git for-each-ref --format=%(refname)%00%(upstream:short)%00%(objectname)%00%(upstream:track)%00%(upstream:remotename)%00%(upstream:remoteref) refs/heads/germano refs/remotes/germano [8ms]
2024-11-22 21:08:38.215 [info] > git rev-parse --show-toplevel [24ms]
2024-11-22 21:08:38.223 [info] > git config --local branch.germano.vscode-merge-base [8ms]
2024-11-22 21:08:38.223 [warning] [Git][config] git config failed: Failed to execute git
2024-11-22 21:08:38.228 [info] > git config --get commit.template [20ms]
2024-11-22 21:08:38.229 [info] > git rev-parse --show-toplevel [6ms]
2024-11-22 21:08:38.229 [info] [Model][doInitialScan] Initial repository scan completed - repositories (1), closed repositories (0), parent repositories (0), unsafe repositories (0)
2024-11-22 21:08:38.234 [info] > git reflog germano --grep-reflog=branch: Created from *. [6ms]
2024-11-22 21:08:38.239 [info] > git for-each-ref --format=%(refname)%00%(upstream:short)%00%(objectname)%00%(upstream:track)%00%(upstream:remotename)%00%(upstream:remoteref) refs/heads/germano refs/remotes/germano [5ms]
2024-11-22 21:08:38.243 [warning] [Git][revParse] Unable to read file: ENOENT: no such file or directory, open '/home/adilson/clone/pr/.git/refs/remotes/origin/germano'
2024-11-22 21:08:38.244 [info] > git symbolic-ref --short refs/remotes/origin/HEAD [6ms]
2024-11-22 21:08:38.248 [info] > git rev-parse refs/remotes/origin/germano [5ms]
2024-11-22 21:08:38.258 [info] > git status -z -uall [5ms]
2024-11-22 21:08:38.258 [info] > git for-each-ref --format=%(refname)%00%(upstream:short)%00%(objectname)%00%(upstream:track)%00%(upstream:remotename)%00%(upstream:remoteref) refs/heads/origin/main refs/remotes/origin/main [10ms]
2024-11-22 21:08:38.264 [info] > git for-each-ref --sort -committerdate --format %(refname) %(objectname) %(*objectname) [5ms]
2024-11-22 21:08:38.271 [info] > git for-each-ref --format=%(refname)%00%(upstream:short)%00%(objectname)%00%(upstream:track)%00%(upstream:remotename)%00%(upstream:remoteref) refs/heads/germano refs/remotes/germano [1ms]
2024-11-22 21:08:38.276 [info] > git config --local branch.germano.vscode-merge-base origin/main [13ms]
2024-11-22 21:08:38.282 [info] > git config --local branch.germano.vscode-merge-base [6ms]
2024-11-22 21:08:38.287 [info] > git config --get commit.template [6ms]
2024-11-22 21:08:38.288 [info] > git for-each-ref --format=%(refname)%00%(upstream:short)%00%(objectname)%00%(upstream:track)%00%(upstream:remotename)%00%(upstream:remoteref) refs/heads/origin/main refs/remotes/origin/main [2ms]
2024-11-22 21:08:38.300 [info] > git merge-base refs/heads/germano refs/remotes/origin/germano [6ms]
2024-11-22 21:08:38.601 [info] > git diff --name-status -z --diff-filter=ADMR b8c56ba340bc1a687fd90e0abd9699c68fd317b2...refs/remotes/origin/germano [2ms]
2024-11-22 21:08:38.602 [info] > git for-each-ref --format=%(refname)%00%(upstream:short)%00%(objectname)%00%(upstream:track)%00%(upstream:remotename)%00%(upstream:remoteref) refs/heads/germano refs/remotes/germano [303ms]
2024-11-22 21:08:38.619 [warning] [Git][revParse] Unable to read file: ENOENT: no such file or directory, open '/home/adilson/clone/pr/.git/refs/remotes/origin/germano'
2024-11-22 21:08:38.621 [info] > git check-ignore -v -z --stdin [14ms]
2024-11-22 21:08:38.621 [info] > git rev-parse refs/remotes/origin/germano [2ms]
2024-11-22 21:08:38.632 [info] > git status -z -uall [6ms]
2024-11-22 21:08:38.633 [info] > git for-each-ref --sort -committerdate --format %(refname) %(objectname) %(*objectname) [2ms]
2024-11-22 21:08:39.973 [info] > git check-ignore -v -z --stdin [1ms]
2024-11-22 21:08:41.331 [info] > git show --textconv :src/restaurante/DatabaseCliente.java [10ms]
2024-11-22 21:08:41.332 [info] > git ls-files --stage -- /home/adilson/clone/pr/src/restaurante/DatabaseCliente.java [1ms]
2024-11-22 21:08:41.341 [info] > git cat-file -s 3aa7d054b2e9b5d29e78ee2ddadfef87e03d696b [1ms]
2024-11-22 21:08:55.249 [info] > git show --textconv :src/restaurante/Cliente.java [8ms]
2024-11-22 21:08:55.250 [info] > git ls-files --stage -- /home/adilson/clone/pr/src/restaurante/Cliente.java [2ms]
2024-11-22 21:08:55.263 [info] > git cat-file -s 0262d802be0b81c25a93c045f926d72af5e6619a [2ms]
2024-11-22 21:09:49.733 [info] > git config --get commit.template [8ms]
2024-11-22 21:09:49.734 [info] > git for-each-ref --format=%(refname)%00%(upstream:short)%00%(objectname)%00%(upstream:track)%00%(upstream:remotename)%00%(upstream:remoteref) refs/heads/germano refs/remotes/germano [1ms]
2024-11-22 21:09:49.740 [warning] [Git][revParse] Unable to read file: ENOENT: no such file or directory, open '/home/adilson/clone/pr/.git/refs/remotes/origin/germano'
2024-11-22 21:09:49.741 [info] > git rev-parse refs/remotes/origin/germano [1ms]
2024-11-22 21:09:49.754 [info] > git status -z -uall [7ms]
2024-11-22 21:09:49.755 [info] > git for-each-ref --sort -committerdate --format %(refname) %(objectname) %(*objectname) [1ms]
2024-11-22 21:10:02.066 [info] > git show --textconv :src/restaurante/pesquisa.java [10ms]
2024-11-22 21:10:02.068 [info] > git ls-files --stage -- /home/adilson/clone/pr/src/restaurante/pesquisa.java [3ms]
2024-11-22 21:10:02.077 [info] > git cat-file -s 92d4c03f14b7ab43718fb2ededc205f79b058588 [2ms]
2024-11-22 21:10:24.914 [info] > git config --get commit.template [7ms]
2024-11-22 21:10:24.915 [info] > git for-each-ref --format=%(refname)%00%(upstream:short)%00%(objectname)%00%(upstream:track)%00%(upstream:remotename)%00%(upstream:remoteref) refs/heads/germano refs/remotes/germano [1ms]
2024-11-22 21:10:24.921 [warning] [Git][revParse] Unable to read file: ENOENT: no such file or directory, open '/home/adilson/clone/pr/.git/refs/remotes/origin/germano'
2024-11-22 21:10:24.922 [info] > git rev-parse refs/remotes/origin/germano [1ms]
2024-11-22 21:10:24.936 [info] > git status -z -uall [7ms]
2024-11-22 21:10:24.937 [info] > git for-each-ref --sort -committerdate --format %(refname) %(objectname) %(*objectname) [1ms]
2024-11-22 21:10:50.789 [info] > git config --get commit.template [24ms]
2024-11-22 21:10:50.798 [info] > git ls-files --stage -- /home/adilson/clone/pr/src/restaurante/pesquisa.java [9ms]
2024-11-22 21:10:50.807 [info] > git for-each-ref --format=%(refname)%00%(upstream:short)%00%(objectname)%00%(upstream:track)%00%(upstream:remotename)%00%(upstream:remoteref) refs/heads/germano refs/remotes/germano [9ms]
2024-11-22 21:10:50.816 [warning] [Git][revParse] Unable to read file: ENOENT: no such file or directory, open '/home/adilson/clone/pr/.git/refs/remotes/origin/germano'
2024-11-22 21:10:50.816 [info] > git cat-file -s 5100f2d3a3206cdd7df1db496d4faa82f3aa4390 [10ms]
2024-11-22 21:10:50.817 [info] > git rev-parse refs/remotes/origin/germano [2ms]
2024-11-22 21:10:50.832 [info] > git status -z -uall [8ms]
2024-11-22 21:10:50.840 [info] > git for-each-ref --sort -committerdate --format %(refname) %(objectname) %(*objectname) [8ms]
2024-11-22 21:10:50.842 [info] > git show --textconv :src/restaurante/pesquisa.java [3ms]
2024-11-22 21:11:18.332 [info] > git show --textconv :src/restaurante/DatabaseCliente.java [9ms]
2024-11-22 21:11:18.333 [info] > git ls-files --stage -- /home/adilson/clone/pr/src/restaurante/DatabaseCliente.java [1ms]
2024-11-22 21:11:18.341 [info] > git cat-file -s 75e31d3f55f4ace3c613065e49beca5151400e4c [1ms]
2024-11-22 21:12:39.469 [info] > git config --get commit.template [9ms]
2024-11-22 21:12:39.470 [info] > git for-each-ref --format=%(refname)%00%(upstream:short)%00%(objectname)%00%(upstream:track)%00%(upstream:remotename)%00%(upstream:remoteref) refs/heads/germano refs/remotes/germano [1ms]
2024-11-22 21:12:39.495 [info] > git status -z -uall [8ms]
2024-11-22 21:12:39.496 [info] > git ls-files --stage -- /home/adilson/clone/pr/src/restaurante/DatabaseCliente.java [16ms]
2024-11-22 21:12:39.503 [info] > git for-each-ref --sort -committerdate --format %(refname) %(objectname) %(*objectname) [8ms]
2024-11-22 21:12:39.514 [info] > git cat-file -s 75e31d3f55f4ace3c613065e49beca5151400e4c [12ms]
2024-11-22 21:12:39.514 [info] > git merge-base refs/heads/germano refs/remotes/origin/germano [1ms]
2024-11-22 21:12:39.530 [info] > git diff --name-status -z --diff-filter=ADMR 37fd4e5b39144995d6593ea10531f9a6c20f5e4a...refs/remotes/origin/germano [8ms]
2024-11-22 21:12:39.531 [info] > git show --textconv :src/restaurante/DatabaseCliente.java [1ms]
