2024-11-27 09:15:15.237 [info] MainController: Starting nvim: /usr/bin/nvim -N --embed --cmd source /home/adilson/.vscode-oss/extensions/asvetliakov.vscode-neovim-1.18.14-universal/runtime/vscode-neovim.vim
2024-11-27 09:15:15.384 [info] MainController: Nvim info: {
  configFile: '/home/adilson/.config/nvim/init.lua',
  nvimVersion: {
    api_level: 12,
    api_prerelease: false,
    build: 'v0.10.2',
    minor: 10,
    api_compatible: 0,
    prerelease: false,
    patch: 2,
    major: 0
  },
  logFile: '/home/adilson/.local/state/nvim/log',
  configDir: '/home/adilson/.config/nvim'
}
2024-11-27 09:17:43.470 [info] MessagesManager: '1 alteração; antes de #14  11 seconds ago\n'
2024-11-27 09:17:43.670 [info] MessagesManager: '1 alteração; antes de #13  11 seconds ago\n'
2024-11-27 09:17:43.853 [info] MessagesManager: '1 alteração; antes de #12  21 seconds ago\n'
2024-11-27 09:17:44.022 [info] MessagesManager: '1 alteração; antes de #11  23 seconds ago\n'
2024-11-27 09:17:44.182 [info] MessagesManager: '1 linha a menos; antes de #10  25 seconds ago\n'
2024-11-27 09:17:44.342 [info] MessagesManager: '1 alteração; antes de #9  32 seconds ago\n'
2024-11-27 09:17:44.590 [info] MessagesManager: '1 alteração; antes de #8  35 seconds ago\n'
2024-11-27 09:17:44.822 [info] MessagesManager: '1 alteração; antes de #7  39 seconds ago\n'
2024-11-27 09:17:45.014 [info] MessagesManager: '1 alteração; antes de #6  41 seconds ago\n'
2024-11-27 09:17:45.221 [info] MessagesManager: '1 alteração; antes de #5  44 seconds ago\n'
2024-11-27 09:17:46.398 [info] MessagesManager: '1 alteração; antes de #4  45 seconds ago\n'
2024-11-27 09:17:48.431 [info] MessagesManager: '1 linha a menos; antes de #3  79 seconds ago\n'
2024-11-27 09:17:48.606 [info] MessagesManager: '2 linhas a mais; antes de #2  79 seconds ago\n'
2024-11-27 09:17:50.005 [info] MessagesManager: 'Já está na alteração mais antiga\n'
2024-11-27 09:17:50.125 [info] MessagesManager: 'Já está na alteração mais antiga\n'
2024-11-27 09:18:15.116 [info] MessagesManager: 'Já está na alteração mais antiga\n'
2024-11-27 09:18:15.276 [info] MessagesManager: 'Já está na alteração mais antiga\n'
2024-11-27 09:18:15.428 [info] MessagesManager: 'Já está na alteração mais antiga\n'
2024-11-27 09:18:15.564 [info] MessagesManager: 'Já está na alteração mais antiga\n'
2024-11-27 09:18:15.700 [info] MessagesManager: 'Já está na alteração mais antiga\n'
2024-11-27 09:18:15.852 [info] MessagesManager: 'Já está na alteração mais antiga\n'
2024-11-27 09:18:15.996 [info] MessagesManager: 'Já está na alteração mais antiga\n'
2024-11-27 09:18:19.036 [info] MessagesManager: 'Já está na alteração mais antiga\n'
2024-11-27 09:18:19.180 [info] MessagesManager: 'Já está na alteração mais antiga\n'
2024-11-27 09:18:19.316 [info] MessagesManager: 'Já está na alteração mais antiga\n'
2024-11-27 09:18:19.452 [info] MessagesManager: 'Já está na alteração mais antiga\n'
2024-11-27 09:18:19.580 [info] MessagesManager: 'Já está na alteração mais antiga\n'
2024-11-27 09:18:19.724 [info] MessagesManager: 'Já está na alteração mais antiga\n'
2024-11-27 09:19:02.389 [info] MessagesManager: '1 alteração; antes de #18  1 second ago\n'
2024-11-27 09:20:21.478 [info] MessagesManager: '6 fewer lines\n'
2024-11-27 09:20:22.544 [info] MessagesManager: '6 more lines\n'
2024-11-27 09:20:26.555 [info] MessagesManager: '6 lines >ed 1 time\n'
2024-11-27 09:21:08.939 [info] MessagesManager: '1 alteração; antes de #40  19 seconds ago\n'
2024-11-27 09:21:09.073 [info] MessagesManager: '1 linha a mais; antes de #39  32 seconds ago\n'
2024-11-27 09:21:50.352 [info] MessagesManager: '1 alteração; antes de #45  8 seconds ago\n'
2024-11-27 09:21:50.470 [info] MessagesManager: '1 alteração; antes de #44  8 seconds ago\n'
2024-11-27 09:21:50.946 [info] MessagesManager: '1 alteração; antes de #43  10 seconds ago\n'
2024-11-27 09:21:51.055 [info] MessagesManager: '1 alteração; antes de #42  12 seconds ago\n'
2024-11-27 09:21:53.677 [info] MessagesManager: '34 lines yanked\n'
2024-11-27 09:22:48.501 [info] MessagesManager: '36 more lines\n'
