2024-11-27 09:15:15.729 [info] [main] Log level: Info
2024-11-27 09:15:15.729 [info] [main] Validating found git in: "git"
2024-11-27 09:15:15.729 [info] [main] Using git "2.47.0" from "git"
2024-11-27 09:15:15.729 [info] [Model][doInitialScan] Initial repository scan started
2024-11-27 09:15:15.729 [info] > git rev-parse --show-toplevel [7ms]
2024-11-27 09:15:15.729 [info] fatal: not a git repository (or any of the parent directories): .git
2024-11-27 09:15:15.729 [info] > git rev-parse --show-toplevel [10ms]
2024-11-27 09:15:15.729 [info] fatal: not a git repository (or any of the parent directories): .git
2024-11-27 09:15:15.747 [info] > git rev-parse --show-toplevel [141ms]
2024-11-27 09:15:15.747 [info] fatal: not a git repository (or any of the parent directories): .git
2024-11-27 09:15:15.777 [info] > git rev-parse --show-toplevel [11ms]
2024-11-27 09:15:15.777 [info] fatal: not a git repository (or any of the parent directories): .git
2024-11-27 09:15:15.778 [info] [Model][doInitialScan] Initial repository scan completed - repositories (0), closed repositories (0), parent repositories (0), unsafe repositories (0)
2024-11-27 09:15:15.791 [info] > git rev-parse --show-toplevel [4ms]
2024-11-27 09:15:15.791 [info] fatal: not a git repository (or any of the parent directories): .git
2024-11-27 09:15:16.668 [info] > git rev-parse --show-toplevel [1ms]
2024-11-27 09:15:16.668 [info] fatal: not a git repository (or any of the parent directories): .git
2024-11-27 09:18:10.093 [info] > git rev-parse --show-toplevel [2ms]
2024-11-27 09:18:10.093 [info] fatal: not a git repository (or any of the parent directories): .git
2024-11-27 09:18:12.698 [info] > git rev-parse --show-toplevel [3ms]
2024-11-27 09:18:12.698 [info] fatal: not a git repository (or any of the parent directories): .git
2024-11-27 09:18:18.363 [info] > git rev-parse --show-toplevel [2ms]
2024-11-27 09:18:18.363 [info] fatal: not a git repository (or any of the parent directories): .git
2024-11-27 09:18:21.719 [info] > git rev-parse --show-toplevel [2ms]
2024-11-27 09:18:21.719 [info] fatal: not a git repository (or any of the parent directories): .git
2024-11-27 09:18:43.449 [info] > git rev-parse --show-toplevel [1ms]
2024-11-27 09:18:43.449 [info] fatal: not a git repository (or any of the parent directories): .git
2024-11-27 09:18:44.991 [info] > git rev-parse --show-toplevel [2ms]
2024-11-27 09:18:44.991 [info] fatal: not a git repository (or any of the parent directories): .git
2024-11-27 09:23:49.024 [info] > git rev-parse --show-toplevel [1ms]
2024-11-27 09:23:49.024 [info] fatal: not a git repository (or any of the parent directories): .git
2024-11-27 09:23:53.596 [info] > git rev-parse --show-toplevel [1ms]
2024-11-27 09:23:53.596 [info] fatal: not a git repository (or any of the parent directories): .git
2024-11-27 09:23:57.814 [info] > git rev-parse --show-toplevel [1ms]
2024-11-27 09:23:57.814 [info] fatal: not a git repository (or any of the parent directories): .git
2024-11-27 09:24:44.183 [info] > git rev-parse --show-toplevel [1ms]
2024-11-27 09:24:44.183 [info] fatal: not a git repository (or any of the parent directories): .git
2024-11-27 09:24:44.846 [info] > git rev-parse --show-toplevel [2ms]
2024-11-27 09:24:44.846 [info] fatal: not a git repository (or any of the parent directories): .git
2024-11-27 09:25:37.120 [info] > git rev-parse --show-toplevel [1ms]
2024-11-27 09:25:37.120 [info] fatal: not a git repository (or any of the parent directories): .git
2024-11-27 09:26:29.720 [info] > git rev-parse --show-toplevel [1ms]
2024-11-27 09:26:29.720 [info] fatal: not a git repository (or any of the parent directories): .git
