2024-11-26 21:01:52.449 [info] Started local extension host with pid 10098.
2024-11-26 21:01:52.775 [info] Ignoring configured affinity for 'asvetliakov.vscode-neovim' because extension host(s) are already running. Reload window.
2024-11-26 21:01:55.041 [info] Ignoring configured affinity for 'asvetliakov.vscode-neovim' because extension host(s) are already running. Reload window.
2024-11-26 21:01:55.253 [info] [perf] Render performance baseline is 136ms
2024-11-26 22:04:24.903 [error] Contributed command 'type' does not exist.: Error: Contributed command 'type' does not exist.
	at J_.$executeContributedCommand (file:///opt/vscodium-bin/resources/app/out/vs/workbench/api/node/extensionHostProcess.js:114:40007)
	at py._doInvokeHandler (file:///opt/vscodium-bin/resources/app/out/vs/workbench/api/node/extensionHostProcess.js:31:122466)
	at py._invokeHandler (file:///opt/vscodium-bin/resources/app/out/vs/workbench/api/node/extensionHostProcess.js:31:122210)
	at py._receiveRequest (file:///opt/vscodium-bin/resources/app/out/vs/workbench/api/node/extensionHostProcess.js:31:120976)
	at py._receiveOneMessage (file:///opt/vscodium-bin/resources/app/out/vs/workbench/api/node/extensionHostProcess.js:31:119802)
	at mh.value (file:///opt/vscodium-bin/resources/app/out/vs/workbench/api/node/extensionHostProcess.js:31:117901)
	at I._deliver (file:///opt/vscodium-bin/resources/app/out/vs/workbench/api/node/extensionHostProcess.js:29:922)
	at I.fire (file:///opt/vscodium-bin/resources/app/out/vs/workbench/api/node/extensionHostProcess.js:29:1242)
	at jn.fire (file:///opt/vscodium-bin/resources/app/out/vs/workbench/api/node/extensionHostProcess.js:31:10940)
	at mh.value (file:///opt/vscodium-bin/resources/app/out/vs/workbench/api/node/extensionHostProcess.js:174:14491)
	at I._deliver (file:///opt/vscodium-bin/resources/app/out/vs/workbench/api/node/extensionHostProcess.js:29:922)
	at I.fire (file:///opt/vscodium-bin/resources/app/out/vs/workbench/api/node/extensionHostProcess.js:29:1242)
	at jn.fire (file:///opt/vscodium-bin/resources/app/out/vs/workbench/api/node/extensionHostProcess.js:31:10940)
	at MessagePortMain.<anonymous> (file:///opt/vscodium-bin/resources/app/out/vs/workbench/api/node/extensionHostProcess.js:174:12702)
	at MessagePortMain.emit (node:events:519:28)
	at MessagePortMain._internalPort.emit (node:electron/js2c/utility_init:2:2949)
