2024-11-27 09:15:14.616 [info] Extension host with pid 2533 started
2024-11-27 09:15:14.616 [info] Skipping acquiring lock for /home/adilson/.config/VSCodium/User/workspaceStorage/aacf076ea2f0d2f32ae80004e7100a6d.
2024-11-27 09:15:14.698 [info] ExtensionService#_doActivateExtension vscode.emmet, startup: false, activationEvent: 'onLanguage'
2024-11-27 09:15:14.720 [info] ExtensionService#_doActivateExtension vscode.typescript-language-features, startup: false, activationEvent: 'onLanguage:javascriptreact'
2024-11-27 09:15:15.010 [info] ExtensionService#_doActivateExtension vscode.git-base, startup: true, activationEvent: '*', root cause: vscode.git
2024-11-27 09:15:15.014 [info] ExtensionService#_doActivateExtension vscode.npm, startup: true, activationEvent: 'workspaceContains:package.json'
2024-11-27 09:15:15.022 [info] Extension host with pid 2582 started
2024-11-27 09:15:15.022 [info] Skipping acquiring lock for /home/adilson/.config/VSCodium/User/workspaceStorage/aacf076ea2f0d2f32ae80004e7100a6d.
2024-11-27 09:15:15.048 [info] Eager extensions activated
2024-11-27 09:15:15.055 [info] ExtensionService#_doActivateExtension vscode.git, startup: true, activationEvent: '*'
2024-11-27 09:15:15.057 [info] ExtensionService#_doActivateExtension asvetliakov.vscode-neovim, startup: false, activationEvent: 'onStartupFinished'
2024-11-27 09:15:15.118 [info] ExtensionService#_doActivateExtension vscode.github, startup: true, activationEvent: '*'
2024-11-27 09:15:15.214 [info] Eager extensions activated
2024-11-27 09:15:15.267 [info] ExtensionService#_doActivateExtension vscode.debug-auto-launch, startup: false, activationEvent: 'onStartupFinished'
2024-11-27 09:15:15.273 [info] ExtensionService#_doActivateExtension vscode.merge-conflict, startup: false, activationEvent: 'onStartupFinished'
2024-11-27 09:15:15.306 [info] ExtensionService#_doActivateExtension Catppuccin.catppuccin-vsc-icons, startup: false, activationEvent: 'onStartupFinished'
2024-11-27 09:15:15.407 [info] ExtensionService#_doActivateExtension eamodio.gitlens, startup: false, activationEvent: 'onStartupFinished'
2024-11-27 09:15:15.799 [info] ExtensionService#_doActivateExtension vscode.github-authentication, startup: false, activationEvent: 'onAuthenticationRequest:github'
2024-11-27 09:15:20.118 [info] ExtensionService#_doActivateExtension vscode.configuration-editing, startup: false, activationEvent: 'onLanguage:json'
2024-11-27 09:15:20.128 [info] ExtensionService#_doActivateExtension vscode.extension-editing, startup: false, activationEvent: 'onLanguage:json'
2024-11-27 09:15:20.139 [info] ExtensionService#_doActivateExtension vscode.json-language-features, startup: false, activationEvent: 'onLanguage:json'
2024-11-27 09:18:10.117 [info] ExtensionService#_doActivateExtension vscode.css-language-features, startup: false, activationEvent: 'onLanguage:css'
2024-11-27 09:24:44.204 [warning] Illegal argument: TextEditor(vs.editor.ICodeEditor:1,$model3)
2024-11-27 09:24:44.204 [warning] Illegal argument: TextEditor(vs.editor.ICodeEditor:1,$model3)
2024-11-27 09:24:44.205 [warning] Illegal argument: TextEditor(vs.editor.ICodeEditor:1,$model3)
2024-11-27 09:27:31.803 [info] Extension host terminating: renderer closed the MessagePort
2024-11-27 09:27:31.814 [warning] ExtHostTextEditorOptions 'setCursorStyle' failed:'
2024-11-27 09:27:31.816 [warning] Canceled
2024-11-27 09:27:31.816 [info] Extension host with pid 2582 exiting with code 0
2024-11-27 09:27:31.918 [info] Extension host terminating: renderer closed the MessagePort
2024-11-27 09:27:31.940 [error] Canceled: Canceled
	at new t3 (file:///opt/vscodium-bin/resources/app/out/vs/workbench/api/node/extensionHostProcess.js:31:116229)
	at py._remoteCall (file:///opt/vscodium-bin/resources/app/out/vs/workbench/api/node/extensionHostProcess.js:31:122523)
	at s.<computed>.n.charCodeAt.s.<computed> (file:///opt/vscodium-bin/resources/app/out/vs/workbench/api/node/extensionHostProcess.js:31:119282)
	at J_._doExecuteCommand (file:///opt/vscodium-bin/resources/app/out/vs/workbench/api/node/extensionHostProcess.js:114:38451)
	at J_.executeCommand (file:///opt/vscodium-bin/resources/app/out/vs/workbench/api/node/extensionHostProcess.js:114:37890)
	at r.registerCommand.description (file:///opt/vscodium-bin/resources/app/out/vs/workbench/api/node/extensionHostProcess.js:114:37154)
	at J_._executeContributedCommand (file:///opt/vscodium-bin/resources/app/out/vs/workbench/api/node/extensionHostProcess.js:114:39020)
	at J_._doExecuteCommand (file:///opt/vscodium-bin/resources/app/out/vs/workbench/api/node/extensionHostProcess.js:114:38023)
	at J_.executeCommand (file:///opt/vscodium-bin/resources/app/out/vs/workbench/api/node/extensionHostProcess.js:114:37890)
	at Object.executeCommand (file:///opt/vscodium-bin/resources/app/out/vs/workbench/api/node/extensionHostProcess.js:156:42153)
	at f (/home/adilson/.vscode-oss/extensions/eamodio.gitlens-16.0.4-universal/dist/gitlens.js:1482:14096)
	at c (/home/adilson/.vscode-oss/extensions/eamodio.gitlens-16.0.4-universal/dist/gitlens.js:1482:18656)
	at ActionRunners._updateContextKeys (/home/adilson/.vscode-oss/extensions/eamodio.gitlens-16.0.4-universal/dist/gitlens.js:1107:65661)
	at s (/home/adilson/.vscode-oss/extensions/eamodio.gitlens-16.0.4-universal/dist/gitlens.js:1107:64105)
	at RegisteredActionRunner.unregister (/home/adilson/.vscode-oss/extensions/eamodio.gitlens-16.0.4-universal/dist/gitlens.js:1107:64248)
	at RegisteredActionRunner.dispose (/home/adilson/.vscode-oss/extensions/eamodio.gitlens-16.0.4-universal/dist/gitlens.js:1107:62902)
	at ActionRunners.dispose (/home/adilson/.vscode-oss/extensions/eamodio.gitlens-16.0.4-universal/dist/gitlens.js:1107:63688)
	at /home/adilson/.vscode-oss/extensions/eamodio.gitlens-16.0.4-universal/dist/gitlens.js:1428:14975
	at Array.forEach (<anonymous>)
	at Object.dispose (/home/adilson/.vscode-oss/extensions/eamodio.gitlens-16.0.4-universal/dist/gitlens.js:1428:14957)
	at li (file:///opt/vscodium-bin/resources/app/out/vs/workbench/api/node/extensionHostProcess.js:24:699)
	at file:///opt/vscodium-bin/resources/app/out/vs/workbench/api/node/extensionHostProcess.js:118:18392
	at file:///opt/vscodium-bin/resources/app/out/vs/workbench/api/node/extensionHostProcess.js:24:1009
	at Object.dispose (file:///opt/vscodium-bin/resources/app/out/vs/workbench/api/node/extensionHostProcess.js:7:2296)
	at VB._deactivate (file:///opt/vscodium-bin/resources/app/out/vs/workbench/api/node/extensionHostProcess.js:118:14727)
	at file:///opt/vscodium-bin/resources/app/out/vs/workbench/api/node/extensionHostProcess.js:118:12013
	at Array.map (<anonymous>)
	at VB._deactivateAll (file:///opt/vscodium-bin/resources/app/out/vs/workbench/api/node/extensionHostProcess.js:118:12001)
	at VB.terminate (file:///opt/vscodium-bin/resources/app/out/vs/workbench/api/node/extensionHostProcess.js:118:12354)
	at bT.terminate (file:///opt/vscodium-bin/resources/app/out/vs/workbench/api/node/extensionHostProcess.js:119:1592)
	at Ki (file:///opt/vscodium-bin/resources/app/out/vs/workbench/api/node/extensionHostProcess.js:174:16286)
	at MessagePortMain.<anonymous> (file:///opt/vscodium-bin/resources/app/out/vs/workbench/api/node/extensionHostProcess.js:174:12742)
	at MessagePortMain.emit (node:events:519:28)
	at MessagePortMain._internalPort.emit (node:electron/js2c/utility_init:2:2949) setContext undefined
2024-11-27 09:27:31.940 [error] Canceled: Canceled
	at new t3 (file:///opt/vscodium-bin/resources/app/out/vs/workbench/api/node/extensionHostProcess.js:31:116229)
	at py._remoteCall (file:///opt/vscodium-bin/resources/app/out/vs/workbench/api/node/extensionHostProcess.js:31:122523)
	at s.<computed>.n.charCodeAt.s.<computed> (file:///opt/vscodium-bin/resources/app/out/vs/workbench/api/node/extensionHostProcess.js:31:119282)
	at J_._doExecuteCommand (file:///opt/vscodium-bin/resources/app/out/vs/workbench/api/node/extensionHostProcess.js:114:38451)
	at J_.executeCommand (file:///opt/vscodium-bin/resources/app/out/vs/workbench/api/node/extensionHostProcess.js:114:37890)
	at r.registerCommand.description (file:///opt/vscodium-bin/resources/app/out/vs/workbench/api/node/extensionHostProcess.js:114:37154)
	at J_._executeContributedCommand (file:///opt/vscodium-bin/resources/app/out/vs/workbench/api/node/extensionHostProcess.js:114:39020)
	at J_._doExecuteCommand (file:///opt/vscodium-bin/resources/app/out/vs/workbench/api/node/extensionHostProcess.js:114:38023)
	at J_.executeCommand (file:///opt/vscodium-bin/resources/app/out/vs/workbench/api/node/extensionHostProcess.js:114:37890)
	at Object.executeCommand (file:///opt/vscodium-bin/resources/app/out/vs/workbench/api/node/extensionHostProcess.js:156:42153)
	at f (/home/adilson/.vscode-oss/extensions/eamodio.gitlens-16.0.4-universal/dist/gitlens.js:1482:14096)
	at c (/home/adilson/.vscode-oss/extensions/eamodio.gitlens-16.0.4-universal/dist/gitlens.js:1482:18656)
	at ActionRunners._updateContextKeys (/home/adilson/.vscode-oss/extensions/eamodio.gitlens-16.0.4-universal/dist/gitlens.js:1107:65661)
	at s (/home/adilson/.vscode-oss/extensions/eamodio.gitlens-16.0.4-universal/dist/gitlens.js:1107:64105)
	at RegisteredActionRunner.unregister (/home/adilson/.vscode-oss/extensions/eamodio.gitlens-16.0.4-universal/dist/gitlens.js:1107:64248)
	at RegisteredActionRunner.dispose (/home/adilson/.vscode-oss/extensions/eamodio.gitlens-16.0.4-universal/dist/gitlens.js:1107:62902)
	at ActionRunners.dispose (/home/adilson/.vscode-oss/extensions/eamodio.gitlens-16.0.4-universal/dist/gitlens.js:1107:63688)
	at /home/adilson/.vscode-oss/extensions/eamodio.gitlens-16.0.4-universal/dist/gitlens.js:1428:14975
	at Array.forEach (<anonymous>)
	at Object.dispose (/home/adilson/.vscode-oss/extensions/eamodio.gitlens-16.0.4-universal/dist/gitlens.js:1428:14957)
	at li (file:///opt/vscodium-bin/resources/app/out/vs/workbench/api/node/extensionHostProcess.js:24:699)
	at file:///opt/vscodium-bin/resources/app/out/vs/workbench/api/node/extensionHostProcess.js:118:18392
	at file:///opt/vscodium-bin/resources/app/out/vs/workbench/api/node/extensionHostProcess.js:24:1009
	at Object.dispose (file:///opt/vscodium-bin/resources/app/out/vs/workbench/api/node/extensionHostProcess.js:7:2296)
	at VB._deactivate (file:///opt/vscodium-bin/resources/app/out/vs/workbench/api/node/extensionHostProcess.js:118:14727)
	at file:///opt/vscodium-bin/resources/app/out/vs/workbench/api/node/extensionHostProcess.js:118:12013
	at Array.map (<anonymous>)
	at VB._deactivateAll (file:///opt/vscodium-bin/resources/app/out/vs/workbench/api/node/extensionHostProcess.js:118:12001)
	at VB.terminate (file:///opt/vscodium-bin/resources/app/out/vs/workbench/api/node/extensionHostProcess.js:118:12354)
	at bT.terminate (file:///opt/vscodium-bin/resources/app/out/vs/workbench/api/node/extensionHostProcess.js:119:1592)
	at Ki (file:///opt/vscodium-bin/resources/app/out/vs/workbench/api/node/extensionHostProcess.js:174:16286)
	at MessagePortMain.<anonymous> (file:///opt/vscodium-bin/resources/app/out/vs/workbench/api/node/extensionHostProcess.js:174:12742)
	at MessagePortMain.emit (node:events:519:28)
	at MessagePortMain._internalPort.emit (node:electron/js2c/utility_init:2:2949) setContext undefined
2024-11-27 09:27:31.941 [error] Canceled: Canceled
	at new t3 (file:///opt/vscodium-bin/resources/app/out/vs/workbench/api/node/extensionHostProcess.js:31:116229)
	at py._remoteCall (file:///opt/vscodium-bin/resources/app/out/vs/workbench/api/node/extensionHostProcess.js:31:122523)
	at s.<computed>.n.charCodeAt.s.<computed> (file:///opt/vscodium-bin/resources/app/out/vs/workbench/api/node/extensionHostProcess.js:31:119282)
	at J_._doExecuteCommand (file:///opt/vscodium-bin/resources/app/out/vs/workbench/api/node/extensionHostProcess.js:114:38451)
	at J_.executeCommand (file:///opt/vscodium-bin/resources/app/out/vs/workbench/api/node/extensionHostProcess.js:114:37890)
	at r.registerCommand.description (file:///opt/vscodium-bin/resources/app/out/vs/workbench/api/node/extensionHostProcess.js:114:37154)
	at J_._executeContributedCommand (file:///opt/vscodium-bin/resources/app/out/vs/workbench/api/node/extensionHostProcess.js:114:39020)
	at J_._doExecuteCommand (file:///opt/vscodium-bin/resources/app/out/vs/workbench/api/node/extensionHostProcess.js:114:38023)
	at J_.executeCommand (file:///opt/vscodium-bin/resources/app/out/vs/workbench/api/node/extensionHostProcess.js:114:37890)
	at Object.executeCommand (file:///opt/vscodium-bin/resources/app/out/vs/workbench/api/node/extensionHostProcess.js:156:42153)
	at f (/home/adilson/.vscode-oss/extensions/eamodio.gitlens-16.0.4-universal/dist/gitlens.js:1482:14096)
	at c (/home/adilson/.vscode-oss/extensions/eamodio.gitlens-16.0.4-universal/dist/gitlens.js:1482:18656)
	at ActionRunners._updateContextKeys (/home/adilson/.vscode-oss/extensions/eamodio.gitlens-16.0.4-universal/dist/gitlens.js:1107:65661)
	at s (/home/adilson/.vscode-oss/extensions/eamodio.gitlens-16.0.4-universal/dist/gitlens.js:1107:64105)
	at RegisteredActionRunner.unregister (/home/adilson/.vscode-oss/extensions/eamodio.gitlens-16.0.4-universal/dist/gitlens.js:1107:64248)
	at RegisteredActionRunner.dispose (/home/adilson/.vscode-oss/extensions/eamodio.gitlens-16.0.4-universal/dist/gitlens.js:1107:62902)
	at ActionRunners.dispose (/home/adilson/.vscode-oss/extensions/eamodio.gitlens-16.0.4-universal/dist/gitlens.js:1107:63688)
	at /home/adilson/.vscode-oss/extensions/eamodio.gitlens-16.0.4-universal/dist/gitlens.js:1428:14975
	at Array.forEach (<anonymous>)
	at Object.dispose (/home/adilson/.vscode-oss/extensions/eamodio.gitlens-16.0.4-universal/dist/gitlens.js:1428:14957)
	at li (file:///opt/vscodium-bin/resources/app/out/vs/workbench/api/node/extensionHostProcess.js:24:699)
	at file:///opt/vscodium-bin/resources/app/out/vs/workbench/api/node/extensionHostProcess.js:118:18392
	at file:///opt/vscodium-bin/resources/app/out/vs/workbench/api/node/extensionHostProcess.js:24:1009
	at Object.dispose (file:///opt/vscodium-bin/resources/app/out/vs/workbench/api/node/extensionHostProcess.js:7:2296)
	at VB._deactivate (file:///opt/vscodium-bin/resources/app/out/vs/workbench/api/node/extensionHostProcess.js:118:14727)
	at file:///opt/vscodium-bin/resources/app/out/vs/workbench/api/node/extensionHostProcess.js:118:12013
	at Array.map (<anonymous>)
	at VB._deactivateAll (file:///opt/vscodium-bin/resources/app/out/vs/workbench/api/node/extensionHostProcess.js:118:12001)
	at VB.terminate (file:///opt/vscodium-bin/resources/app/out/vs/workbench/api/node/extensionHostProcess.js:118:12354)
	at bT.terminate (file:///opt/vscodium-bin/resources/app/out/vs/workbench/api/node/extensionHostProcess.js:119:1592)
	at Ki (file:///opt/vscodium-bin/resources/app/out/vs/workbench/api/node/extensionHostProcess.js:174:16286)
	at MessagePortMain.<anonymous> (file:///opt/vscodium-bin/resources/app/out/vs/workbench/api/node/extensionHostProcess.js:174:12742)
	at MessagePortMain.emit (node:events:519:28)
	at MessagePortMain._internalPort.emit (node:electron/js2c/utility_init:2:2949) setContext undefined
2024-11-27 09:27:31.944 [info] Extension host with pid 2533 exiting with code 0
