2024-11-22 21:05:11.910 [info] Extension host with pid 23081 started
2024-11-22 21:05:11.910 [info] Skipping acquiring lock for /home/adilson/.config/VSCodium/User/workspaceStorage/b5a94779e52e59302c9a4633546c1eea.
2024-11-22 21:05:11.939 [info] ExtensionService#_doActivateExtension vscode.git-base, startup: true, activationEvent: '*'
2024-11-22 21:05:11.947 [info] ExtensionService#_doActivateExtension vscode.github, startup: true, activationEvent: '*'
2024-11-22 21:05:11.973 [info] Eager extensions activated
2024-11-22 21:05:12.033 [info] ExtensionService#_doActivateExtension vscode.debug-auto-launch, startup: false, activationEvent: 'onStartupFinished'
2024-11-22 21:05:12.035 [info] ExtensionService#_doActivateExtension vscode.merge-conflict, startup: false, activationEvent: 'onStartupFinished'
2024-11-22 21:05:14.599 [info] ExtensionService#_doActivateExtension vscode.git, startup: false, activationEvent: 'api', root cause: vscode.github
2024-11-22 21:05:14.664 [info] ExtensionService#_doActivateExtension asvetliakov.vscode-neovim, startup: false, activationEvent: 'onStartupFinished'
2024-11-22 21:05:14.692 [info] ExtensionService#_doActivateExtension Catppuccin.catppuccin-vsc-icons, startup: false, activationEvent: 'onStartupFinished'
2024-11-22 21:05:14.868 [info] ExtensionService#_doActivateExtension vscode.emmet, startup: false, activationEvent: 'onLanguage'
2024-11-22 21:05:15.013 [info] ExtensionService#_doActivateExtension vscode.github-authentication, startup: false, activationEvent: 'onAuthenticationRequest:github'
2024-11-22 21:05:48.913 [info] ExtensionService#_doActivateExtension eamodio.gitlens, startup: false, activationEvent: 'onStartupFinished'
2024-11-22 21:06:38.061 [warning] TextEditor is closed/disposed
2024-11-22 21:06:44.436 [warning] TextEditor is closed/disposed
2024-11-22 21:06:49.262 [warning] TextEditor is closed/disposed
2024-11-22 21:07:04.278 [warning] TextEditor is closed/disposed
2024-11-22 21:07:18.680 [warning] TextEditor is closed/disposed
2024-11-22 21:07:20.994 [warning] TextEditor is closed/disposed
2024-11-22 21:08:17.824 [warning] TextEditor is closed/disposed
2024-11-22 21:09:54.909 [warning] TextEditor is closed/disposed
2024-11-22 21:10:55.643 [warning] TextEditor is closed/disposed
2024-11-22 21:11:04.010 [warning] TextEditor is closed/disposed
2024-11-22 21:11:06.373 [warning] TextEditor is closed/disposed
2024-11-22 21:11:06.884 [warning] TextEditor is closed/disposed
2024-11-22 21:11:08.848 [warning] TextEditor is closed/disposed
2024-11-22 21:11:09.785 [warning] TextEditor is closed/disposed
