1 linha a menos; antes de #6  1 second ago
1 linha a mais; antes de #5  2 seconds ago
1 linha a menos; antes de #4  30 seconds ago
1 linha a mais; antes de #3  31 seconds ago
1 alteração; antes de #2  49 seconds ago
Já está na alteração mais antiga
Já está na alteração mais antiga
Já está na alteração mais antiga
Já está na alteração mais antiga
Já está na alteração mais antiga
Já está na alteração mais antiga
4 linhas a menos; antes de #14  3 seconds ago
6 fewer lines
6 more lines
1 alteração; antes de #33  8 seconds ago
1 alteração; antes de #32  10 seconds ago
1 alteração; antes de #37  2 seconds ago
1 alteração; antes de #36  5 seconds ago
1 alteração; antes de #26  1 second ago
1 alteração; antes de #38  1 second ago
1 alteração; antes de #37  5 seconds ago
1 alteração; antes de #36  5 seconds ago
1 alteração; antes de #64  0 seconds ago
1 alteração; antes de #66  13 seconds ago
1 alteração; antes de #65  14 seconds ago
3 fewer lines
1 alteração; antes de #83  1 second ago
3 lines yanked
3 more lines
1 linha a menos; antes de #93  1 second ago
1 linha a menos; antes de #101  1 second ago
1 linha a mais; antes de #106  12 seconds ago
1 linha a mais; antes de #105  27 seconds ago
1 alteração; antes de #108  0 seconds ago
1 linha a mais; antes de #107  3 seconds ago
1 linha a menos; antes de #117  21:31:40
1 linha a mais; antes de #133  1 second ago
1 alteração; antes de #142  15 seconds ago
1 alteração; antes de #191  20 seconds ago
1 alteração; antes de #190  21 seconds ago
1 alteração; antes de #189  25 seconds ago
1 alteração; antes de #188  26 seconds ago
1 alteração; antes de #187  43 seconds ago
1 alteração; antes de #186  44 seconds ago
1 alteração; antes de #185  49 seconds ago
1 linha a menos; antes de #184  59 seconds ago
1 linha a menos; antes de #183  60 seconds ago
1 alteração; antes de #182  80 seconds ago
1 alteração; antes de #196  7 seconds ago
1 alteração; antes de #195  7 seconds ago
1 alteração; antes de #194  10 seconds ago
1 alteração; antes de #193  11 seconds ago
1 linha a menos; antes de #226  2 seconds ago
3 fewer lines
3 more lines
3 fewer lines
4 fewer lines
4 more lines
4 lines >ed 1 time
1 linha a mais; antes de #269  76 seconds ago
1 alteração; antes de #268  84 seconds ago
1 alteração; antes de #267  86 seconds ago
1 alteração; antes de #266  88 seconds ago
1 alteração; antes de #265  88 seconds ago
1 alteração; antes de #264  88 seconds ago
1 alteração; antes de #263  90 seconds ago
1 alteração; antes de #262  90 seconds ago
1 alteração; antes de #261  90 seconds ago
1 alteração; antes de #260  91 seconds ago
6 fewer lines
6 more lines
6 lines <ed 1 time
1 alteração; antes de #308  1 second ago
1 alteração; antes de #307  26 seconds ago
1 alteração; antes de #306  67 seconds ago
1 alteração; antes de #305  69 seconds ago
18 lines >ed 1 time
18 alterações; antes de #312  9 seconds ago
1 linha a menos; antes de #311  18 seconds ago
1 alteração; antes de #310  22 seconds ago
1 linha a menos; antes de #309  27 seconds ago
