2024-11-14 09:41:32.316 [info] Latency measurements for local backend
window<->ptyhost (message port): 1.70ms
window<->ptyhostservice<->ptyhost: 21.50ms
ptyhostservice<->ptyhost: 0.61ms []
2024-11-14 09:42:04.210 [error] Exception occurred during xterm disposal [{}]
2024-11-14 09:42:27.341 [info] Latency measurements for local backend
window<->ptyhost (message port): 0.90ms
window<->ptyhostservice<->ptyhost: 0.80ms
ptyhostservice<->ptyhost: 0.36ms []
2024-11-14 09:45:27.085 [info] Latency measurements for local backend
window<->ptyhost (message port): 0.40ms
window<->ptyhostservice<->ptyhost: 1.10ms
ptyhostservice<->ptyhost: 0.43ms []
2024-11-14 09:45:30.881 [error] Exception occurred during xterm disposal [{}]
2024-11-14 09:45:32.617 [error] Exception occurred during xterm disposal [{}]
2024-11-14 09:45:42.657 [info] Latency measurements for local backend
window<->ptyhost (message port): 2.30ms
window<->ptyhostservice<->ptyhost: 1.00ms
ptyhostservice<->ptyhost: 0.44ms []
2024-11-14 09:45:48.521 [error] Exception occurred during xterm disposal [{}]
2024-11-14 09:46:03.287 [info] Latency measurements for local backend
window<->ptyhost (message port): 0.40ms
window<->ptyhostservice<->ptyhost: 0.80ms
ptyhostservice<->ptyhost: 0.36ms []
2024-11-14 09:46:32.230 [error] Exception occurred during xterm disposal [{}]
2024-11-14 09:46:35.208 [info] Latency measurements for local backend
window<->ptyhost (message port): 0.70ms
window<->ptyhostservice<->ptyhost: 0.80ms
ptyhostservice<->ptyhost: 0.36ms []
2024-11-14 09:46:41.142 [error] Exception occurred during xterm disposal [{}]
2024-11-14 09:46:45.892 [info] Latency measurements for local backend
window<->ptyhost (message port): 0.40ms
window<->ptyhostservice<->ptyhost: 0.70ms
ptyhostservice<->ptyhost: 0.30ms []
2024-11-14 09:46:54.806 [error] Exception occurred during xterm disposal [{}]
